[0.642s] Invoking command in '/home/pavel/jetbot_orgon_ws/src/completed_scripts_jetbot': AMENT_PREFIX_PATH=/home/pavel/jetbot_orgon_ws/src/install/sllidar_ros2:/home/pavel/jetbot_orgon_ws/src/install/serial_bridge_package:/home/pavel/jetbot_orgon_ws/src/install/lidar_filter:${AMENT_PREFIX_PATH} CMAKE_PREFIX_PATH=/home/pavel/jetbot_orgon_ws/src/install/sllidar_ros2:${CMAKE_PREFIX_PATH} DEBUGINFOD_URLS=https://debuginfod.ubuntu.com PYTHONPATH=/home/pavel/jetbot_orgon_ws/src/build/completed_scripts_jetbot/prefix_override:/usr/lib/python3/dist-packages/colcon_core/task/python/colcon_distutils_commands:/home/pavel/jetbot_orgon_ws/src/install/completed_scripts_jetbot/lib/python3.12/site-packages:/home/pavel/jetbot_orgon_ws/src/install/serial_bridge_package/lib/python3.12/site-packages:/home/pavel/jetbot_orgon_ws/src/install/lidar_filter/lib/python3.12/site-packages:${PYTHONPATH} /usr/bin/python3 -W ignore:setup.py install is deprecated -W ignore:easy_install command is deprecated setup.py egg_info --egg-base ../build/completed_scripts_jetbot build --build-base /home/pavel/jetbot_orgon_ws/src/build/completed_scripts_jetbot/build install --record /home/pavel/jetbot_orgon_ws/src/build/completed_scripts_jetbot/install.log --install-scripts $base/lib/completed_scripts_jetbot --single-version-externally-managed install_data
[0.737s] /usr/lib/python3/dist-packages/setuptools/dist.py:744: SetuptoolsDeprecationWarning: Invalid dash-separated options
[0.737s] !!
[0.737s] 
[0.738s]         ********************************************************************************
[0.738s]         Usage of dash-separated 'script-dir' will not be supported in future
[0.738s]         versions. Please use the underscore name 'script_dir' instead.
[0.738s] 
[0.738s]         This deprecation is overdue, please update your project and remove deprecated
[0.738s]         calls to avoid build errors in the future.
[0.738s] 
[0.738s]         See https://setuptools.pypa.io/en/latest/userguide/declarative_config.html for details.
[0.738s]         ********************************************************************************
[0.738s] 
[0.738s] !!
[0.738s]   opt = self.warn_dash_deprecation(opt, section)
[0.843s] running egg_info
[0.858s] writing ../build/completed_scripts_jetbot/completed_scripts_jetbot.egg-info/PKG-INFO
[0.858s] writing dependency_links to ../build/completed_scripts_jetbot/completed_scripts_jetbot.egg-info/dependency_links.txt
[0.858s] writing requirements to ../build/completed_scripts_jetbot/completed_scripts_jetbot.egg-info/requires.txt
[0.858s] writing top-level names to ../build/completed_scripts_jetbot/completed_scripts_jetbot.egg-info/top_level.txt
[0.888s] reading manifest file '../build/completed_scripts_jetbot/completed_scripts_jetbot.egg-info/SOURCES.txt'
[0.889s] writing manifest file '../build/completed_scripts_jetbot/completed_scripts_jetbot.egg-info/SOURCES.txt'
[0.889s] running build
[0.889s] running build_py
[0.889s] running install
[0.893s] running install_lib
[0.909s] running install_data
[0.909s] running install_egg_info
[0.925s] removing '/home/pavel/jetbot_orgon_ws/src/install/completed_scripts_jetbot/lib/python3.12/site-packages/completed_scripts_jetbot-1.0.0-py3.12.egg-info' (and everything under it)
[0.926s] Copying ../build/completed_scripts_jetbot/completed_scripts_jetbot.egg-info to /home/pavel/jetbot_orgon_ws/src/install/completed_scripts_jetbot/lib/python3.12/site-packages/completed_scripts_jetbot-1.0.0-py3.12.egg-info
[0.926s] running install_scripts
[1.032s] writing list of installed files to '/home/pavel/jetbot_orgon_ws/src/build/completed_scripts_jetbot/install.log'
[1.051s] Invoked command in '/home/pavel/jetbot_orgon_ws/src/completed_scripts_jetbot' returned '0': AMENT_PREFIX_PATH=/home/pavel/jetbot_orgon_ws/src/install/sllidar_ros2:/home/pavel/jetbot_orgon_ws/src/install/serial_bridge_package:/home/pavel/jetbot_orgon_ws/src/install/lidar_filter:${AMENT_PREFIX_PATH} CMAKE_PREFIX_PATH=/home/pavel/jetbot_orgon_ws/src/install/sllidar_ros2:${CMAKE_PREFIX_PATH} DEBUGINFOD_URLS=https://debuginfod.ubuntu.com PYTHONPATH=/home/pavel/jetbot_orgon_ws/src/build/completed_scripts_jetbot/prefix_override:/usr/lib/python3/dist-packages/colcon_core/task/python/colcon_distutils_commands:/home/pavel/jetbot_orgon_ws/src/install/completed_scripts_jetbot/lib/python3.12/site-packages:/home/pavel/jetbot_orgon_ws/src/install/serial_bridge_package/lib/python3.12/site-packages:/home/pavel/jetbot_orgon_ws/src/install/lidar_filter/lib/python3.12/site-packages:${PYTHONPATH} /usr/bin/python3 -W ignore:setup.py install is deprecated -W ignore:easy_install command is deprecated setup.py egg_info --egg-base ../build/completed_scripts_jetbot build --build-base /home/pavel/jetbot_orgon_ws/src/build/completed_scripts_jetbot/build install --record /home/pavel/jetbot_orgon_ws/src/build/completed_scripts_jetbot/install.log --install-scripts $base/lib/completed_scripts_jetbot --single-version-externally-managed install_data
