[0.031s] Invoking command in '/home/pavel/jetbot_orgon_ws/src/build/aruco_msgs': CMAKE_PREFIX_PATH=${CMAKE_PREFIX_PATH}:/opt/ros/jazzy DEBUGINFOD_URLS=https://debuginfod.ubuntu.com /usr/bin/cmake /home/pavel/jetbot_orgon_ws/src/aruco/aruco_msgs -DCMAKE_INSTALL_PREFIX=/home/pavel/jetbot_orgon_ws/src/install/aruco_msgs
[0.895s] -- The C compiler identification is GNU 13.3.0
[0.895s] -- The CXX compiler identification is GNU 13.3.0
[0.895s] -- Detecting C compiler ABI info
[0.895s] -- Detecting C compiler ABI info - done
[0.895s] -- Check for working C compiler: /usr/bin/cc - skipped
[0.895s] -- Detecting C compile features
[0.895s] -- Detecting C compile features - done
[0.895s] -- Detecting CXX compiler ABI info
[0.895s] -- Detecting CXX compiler ABI info - done
[0.896s] -- Check for working CXX compiler: /usr/bin/c++ - skipped
[0.896s] -- Detecting CXX compile features
[0.896s] -- Detecting CXX compile features - done
[0.896s] -- Found ament_cmake: 2.5.5 (/opt/ros/jazzy/share/ament_cmake/cmake)
[0.896s] -- Found Python3: /usr/bin/python3 (found version "3.12.3") found components: Interpreter 
[0.896s] -- Found rosidl_default_generators: 1.6.0 (/opt/ros/jazzy/share/rosidl_default_generators/cmake)
[0.896s] -- Using all available rosidl_typesupport_c: rosidl_typesupport_fastrtps_c;rosidl_typesupport_introspection_c
[0.896s] -- Using all available rosidl_typesupport_cpp: rosidl_typesupport_fastrtps_cpp;rosidl_typesupport_introspection_cpp
[0.896s] -- Found rosidl_adapter: 4.6.7 (/opt/ros/jazzy/share/rosidl_adapter/cmake)
[0.896s] -- Found std_msgs: 5.3.6 (/opt/ros/jazzy/share/std_msgs/cmake)
[0.896s] -- Found geometry_msgs: 5.3.6 (/opt/ros/jazzy/share/geometry_msgs/cmake)
[1.206s] -- Found ament_cmake_ros: 0.12.0 (/opt/ros/jazzy/share/ament_cmake_ros/cmake)
[1.695s] -- Using all available rosidl_typesupport_c: rosidl_typesupport_fastrtps_c;rosidl_typesupport_introspection_c
[2.989s] -- Using all available rosidl_typesupport_cpp: rosidl_typesupport_fastrtps_cpp;rosidl_typesupport_introspection_cpp
[2.992s] -- Found python_cmake_module: 0.11.1 (/opt/ros/jazzy/share/python_cmake_module/cmake)
[3.122s] -- Found PythonExtra: /usr/bin/python3  
[3.542s] -- Found Python3: /usr/bin/python3 (found version "3.12.3") found components: Interpreter Development NumPy Development.Module Development.Embed 
[3.593s] -- Found ament_lint_auto: 0.17.4 (/opt/ros/jazzy/share/ament_lint_auto/cmake)
[3.612s] -- Added test 'lint_cmake' to check CMake code style
[3.612s] -- Added test 'xmllint' to check XML markup files
[3.615s] -- Configuring done (3.6s)
[3.650s] -- Generating done (0.0s)
[3.660s] -- Build files have been written to: /home/pavel/jetbot_orgon_ws/src/build/aruco_msgs
[3.673s] Invoked command in '/home/pavel/jetbot_orgon_ws/src/build/aruco_msgs' returned '0': CMAKE_PREFIX_PATH=${CMAKE_PREFIX_PATH}:/opt/ros/jazzy DEBUGINFOD_URLS=https://debuginfod.ubuntu.com /usr/bin/cmake /home/pavel/jetbot_orgon_ws/src/aruco/aruco_msgs -DCMAKE_INSTALL_PREFIX=/home/pavel/jetbot_orgon_ws/src/install/aruco_msgs
[3.673s] Invoking command in '/home/pavel/jetbot_orgon_ws/src/build/aruco_msgs': CMAKE_PREFIX_PATH=${CMAKE_PREFIX_PATH}:/opt/ros/jazzy DEBUGINFOD_URLS=https://debuginfod.ubuntu.com /usr/bin/cmake --build /home/pavel/jetbot_orgon_ws/src/build/aruco_msgs -- -j16 -l16
[3.723s] [  2%] [34m[1mGenerating type hashes for ROS interfaces[0m
[3.732s] [  2%] Built target ament_cmake_python_copy_aruco_msgs
[3.892s] [  2%] Built target aruco_msgs__rosidl_generator_type_description
[3.902s] [  4%] [34m[1mGenerating C code for ROS interfaces[0m
[3.907s] running egg_info
[3.908s] creating aruco_msgs.egg-info
[3.911s] [  6%] [34m[1mGenerating C++ code for ROS interfaces[0m
[3.924s] writing aruco_msgs.egg-info/PKG-INFO
[3.924s] writing dependency_links to aruco_msgs.egg-info/dependency_links.txt
[3.924s] writing top-level names to aruco_msgs.egg-info/top_level.txt
[3.924s] writing manifest file 'aruco_msgs.egg-info/SOURCES.txt'
[3.971s] reading manifest file 'aruco_msgs.egg-info/SOURCES.txt'
[3.972s] writing manifest file 'aruco_msgs.egg-info/SOURCES.txt'
[4.000s] [  6%] Built target ament_cmake_python_build_aruco_msgs_egg
[4.126s] [  6%] Built target aruco_msgs__cpp
[4.158s] [ 15%] [32mBuilding C object CMakeFiles/aruco_msgs__rosidl_generator_c.dir/rosidl_generator_c/aruco_msgs/msg/detail/aruco_marker__functions.c.o[0m
[4.158s] [ 15%] [32mBuilding C object CMakeFiles/aruco_msgs__rosidl_generator_c.dir/rosidl_generator_c/aruco_msgs/msg/detail/aruco_marker__type_support.c.o[0m
[4.158s] [ 15%] [32mBuilding C object CMakeFiles/aruco_msgs__rosidl_generator_c.dir/rosidl_generator_c/aruco_msgs/msg/detail/aruco_markers__type_support.c.o[0m
[4.158s] [ 15%] [32mBuilding C object CMakeFiles/aruco_msgs__rosidl_generator_c.dir/rosidl_generator_c/aruco_msgs/msg/detail/aruco_markers__functions.c.o[0m
[4.158s] [ 18%] [32mBuilding C object CMakeFiles/aruco_msgs__rosidl_generator_c.dir/rosidl_generator_c/aruco_msgs/msg/detail/aruco_marker__description.c.o[0m
[4.158s] [ 20%] [32mBuilding C object CMakeFiles/aruco_msgs__rosidl_generator_c.dir/rosidl_generator_c/aruco_msgs/msg/detail/aruco_markers__description.c.o[0m
[4.203s] [ 22%] [32m[1mLinking C shared library libaruco_msgs__rosidl_generator_c.so[0m
[4.240s] [ 22%] Built target aruco_msgs__rosidl_generator_c
[4.249s] [ 31%] [34m[1mGenerating C++ introspection for ROS interfaces[0m
[4.250s] [ 31%] [34m[1mGenerating C type support for eProsima Fast-RTPS[0m
[4.250s] [ 31%] [34m[1mGenerating C++ type support dispatch for ROS interfaces[0m
[4.250s] [ 31%] [34m[1mGenerating C++ type support for eProsima Fast-RTPS[0m
[4.250s] [ 34%] [34m[1mGenerating C introspection for ROS interfaces[0m
[4.250s] [ 36%] [34m[1mGenerating C type support dispatch for ROS interfaces[0m
[4.460s] [ 38%] [32mBuilding CXX object CMakeFiles/aruco_msgs__rosidl_typesupport_c.dir/rosidl_typesupport_c/aruco_msgs/msg/aruco_marker__type_support.cpp.o[0m
[4.462s] [ 40%] [32mBuilding CXX object CMakeFiles/aruco_msgs__rosidl_typesupport_c.dir/rosidl_typesupport_c/aruco_msgs/msg/aruco_markers__type_support.cpp.o[0m
[4.470s] [ 43%] [32mBuilding CXX object CMakeFiles/aruco_msgs__rosidl_typesupport_introspection_cpp.dir/rosidl_typesupport_introspection_cpp/aruco_msgs/msg/detail/aruco_marker__type_support.cpp.o[0m
[4.470s] [ 45%] [32mBuilding CXX object CMakeFiles/aruco_msgs__rosidl_typesupport_introspection_cpp.dir/rosidl_typesupport_introspection_cpp/aruco_msgs/msg/detail/aruco_markers__type_support.cpp.o[0m
[4.481s] [ 47%] [32mBuilding CXX object CMakeFiles/aruco_msgs__rosidl_typesupport_cpp.dir/rosidl_typesupport_cpp/aruco_msgs/msg/aruco_marker__type_support.cpp.o[0m
[4.483s] [ 50%] [32mBuilding CXX object CMakeFiles/aruco_msgs__rosidl_typesupport_cpp.dir/rosidl_typesupport_cpp/aruco_msgs/msg/aruco_markers__type_support.cpp.o[0m
[4.488s] [ 52%] [32mBuilding CXX object CMakeFiles/aruco_msgs__rosidl_typesupport_fastrtps_cpp.dir/rosidl_typesupport_fastrtps_cpp/aruco_msgs/msg/detail/dds_fastrtps/aruco_marker__type_support.cpp.o[0m
[4.490s] [ 54%] [32mBuilding CXX object CMakeFiles/aruco_msgs__rosidl_typesupport_fastrtps_cpp.dir/rosidl_typesupport_fastrtps_cpp/aruco_msgs/msg/detail/dds_fastrtps/aruco_markers__type_support.cpp.o[0m
[4.518s] [ 56%] [32m[1mLinking CXX shared library libaruco_msgs__rosidl_typesupport_c.so[0m
[4.574s] [ 56%] Built target aruco_msgs__rosidl_typesupport_c
[4.588s] [ 59%] [32mBuilding C object CMakeFiles/aruco_msgs__rosidl_typesupport_introspection_c.dir/rosidl_typesupport_introspection_c/aruco_msgs/msg/detail/aruco_marker__type_support.c.o[0m
[4.588s] [ 61%] [32mBuilding C object CMakeFiles/aruco_msgs__rosidl_typesupport_introspection_c.dir/rosidl_typesupport_introspection_c/aruco_msgs/msg/detail/aruco_markers__type_support.c.o[0m
[4.601s] [ 63%] [32mBuilding CXX object CMakeFiles/aruco_msgs__rosidl_typesupport_fastrtps_c.dir/rosidl_typesupport_fastrtps_c/aruco_msgs/msg/detail/aruco_marker__type_support_c.cpp.o[0m
[4.601s] [ 65%] [32mBuilding CXX object CMakeFiles/aruco_msgs__rosidl_typesupport_fastrtps_c.dir/rosidl_typesupport_fastrtps_c/aruco_msgs/msg/detail/aruco_markers__type_support_c.cpp.o[0m
[4.641s] [ 68%] [32m[1mLinking C shared library libaruco_msgs__rosidl_typesupport_introspection_c.so[0m
[4.686s] [ 68%] Built target aruco_msgs__rosidl_typesupport_introspection_c
[4.851s] [ 70%] [32m[1mLinking CXX shared library libaruco_msgs__rosidl_typesupport_cpp.so[0m
[4.871s] [ 72%] [32m[1mLinking CXX shared library libaruco_msgs__rosidl_typesupport_introspection_cpp.so[0m
[4.892s] [ 72%] Built target aruco_msgs__rosidl_typesupport_cpp
[4.948s] [ 72%] Built target aruco_msgs__rosidl_typesupport_introspection_cpp
[4.990s] [ 75%] [32m[1mLinking CXX shared library libaruco_msgs__rosidl_typesupport_fastrtps_cpp.so[0m
[5.056s] [ 75%] Built target aruco_msgs__rosidl_typesupport_fastrtps_cpp
[5.078s] [ 77%] [32m[1mLinking CXX shared library libaruco_msgs__rosidl_typesupport_fastrtps_c.so[0m
[5.138s] [ 77%] Built target aruco_msgs__rosidl_typesupport_fastrtps_c
[5.157s] [ 77%] Built target aruco_msgs
[5.177s] [ 79%] [34m[1mGenerating Python code for ROS interfaces[0m
[5.440s] [ 79%] Built target aruco_msgs__py
[5.458s] [ 84%] [32mBuilding C object CMakeFiles/aruco_msgs__rosidl_generator_py.dir/rosidl_generator_py/aruco_msgs/msg/_aruco_marker_s.c.o[0m
[5.458s] [ 84%] [32mBuilding C object CMakeFiles/aruco_msgs__rosidl_generator_py.dir/rosidl_generator_py/aruco_msgs/msg/_aruco_markers_s.c.o[0m
[5.559s] [ 86%] [32m[1mLinking C shared library libaruco_msgs__rosidl_generator_py.so[0m
[5.600s] [ 86%] Built target aruco_msgs__rosidl_generator_py
[5.618s] [ 93%] [32mBuilding C object CMakeFiles/aruco_msgs_s__rosidl_typesupport_c.dir/rosidl_generator_py/aruco_msgs/_aruco_msgs_s.ep.rosidl_typesupport_c.c.o[0m
[5.618s] [ 93%] [32mBuilding C object CMakeFiles/aruco_msgs_s__rosidl_typesupport_fastrtps_c.dir/rosidl_generator_py/aruco_msgs/_aruco_msgs_s.ep.rosidl_typesupport_fastrtps_c.c.o[0m
[5.618s] [ 93%] [32mBuilding C object CMakeFiles/aruco_msgs_s__rosidl_typesupport_introspection_c.dir/rosidl_generator_py/aruco_msgs/_aruco_msgs_s.ep.rosidl_typesupport_introspection_c.c.o[0m
[5.700s] [ 97%] [32m[1mLinking C shared module rosidl_generator_py/aruco_msgs/aruco_msgs_s__rosidl_typesupport_c.so[0m
[5.700s] [ 97%] [32m[1mLinking C shared module rosidl_generator_py/aruco_msgs/aruco_msgs_s__rosidl_typesupport_introspection_c.so[0m
[5.702s] [100%] [32m[1mLinking C shared module rosidl_generator_py/aruco_msgs/aruco_msgs_s__rosidl_typesupport_fastrtps_c.so[0m
[5.727s] [100%] Built target aruco_msgs_s__rosidl_typesupport_fastrtps_c
[5.727s] [100%] Built target aruco_msgs_s__rosidl_typesupport_c
[5.728s] [100%] Built target aruco_msgs_s__rosidl_typesupport_introspection_c
[5.738s] Invoked command in '/home/pavel/jetbot_orgon_ws/src/build/aruco_msgs' returned '0': CMAKE_PREFIX_PATH=${CMAKE_PREFIX_PATH}:/opt/ros/jazzy DEBUGINFOD_URLS=https://debuginfod.ubuntu.com /usr/bin/cmake --build /home/pavel/jetbot_orgon_ws/src/build/aruco_msgs -- -j16 -l16
[5.739s] Invoking command in '/home/pavel/jetbot_orgon_ws/src/build/aruco_msgs': CMAKE_PREFIX_PATH=${CMAKE_PREFIX_PATH}:/opt/ros/jazzy DEBUGINFOD_URLS=https://debuginfod.ubuntu.com /usr/bin/cmake --install /home/pavel/jetbot_orgon_ws/src/build/aruco_msgs
[5.747s] -- Install configuration: ""
[5.748s] -- Installing: /home/pavel/jetbot_orgon_ws/src/install/aruco_msgs/share/ament_index/resource_index/rosidl_interfaces/aruco_msgs
[5.748s] -- Installing: /home/pavel/jetbot_orgon_ws/src/install/aruco_msgs/share/aruco_msgs/msg/ArucoMarker.json
[5.748s] -- Installing: /home/pavel/jetbot_orgon_ws/src/install/aruco_msgs/share/aruco_msgs/msg/ArucoMarkers.json
[5.748s] -- Installing: /home/pavel/jetbot_orgon_ws/src/install/aruco_msgs/include/aruco_msgs/aruco_msgs
[5.748s] -- Installing: /home/pavel/jetbot_orgon_ws/src/install/aruco_msgs/include/aruco_msgs/aruco_msgs/msg
[5.748s] -- Installing: /home/pavel/jetbot_orgon_ws/src/install/aruco_msgs/include/aruco_msgs/aruco_msgs/msg/detail
[5.748s] -- Installing: /home/pavel/jetbot_orgon_ws/src/install/aruco_msgs/include/aruco_msgs/aruco_msgs/msg/detail/aruco_marker__type_support.h
[5.748s] -- Installing: /home/pavel/jetbot_orgon_ws/src/install/aruco_msgs/include/aruco_msgs/aruco_msgs/msg/detail/aruco_markers__struct.h
[5.749s] -- Installing: /home/pavel/jetbot_orgon_ws/src/install/aruco_msgs/include/aruco_msgs/aruco_msgs/msg/detail/aruco_markers__type_support.h
[5.749s] -- Installing: /home/pavel/jetbot_orgon_ws/src/install/aruco_msgs/include/aruco_msgs/aruco_msgs/msg/detail/aruco_marker__functions.h
[5.749s] -- Installing: /home/pavel/jetbot_orgon_ws/src/install/aruco_msgs/include/aruco_msgs/aruco_msgs/msg/detail/aruco_marker__type_support.c
[5.749s] -- Installing: /home/pavel/jetbot_orgon_ws/src/install/aruco_msgs/include/aruco_msgs/aruco_msgs/msg/detail/aruco_marker__struct.h
[5.749s] -- Installing: /home/pavel/jetbot_orgon_ws/src/install/aruco_msgs/include/aruco_msgs/aruco_msgs/msg/detail/aruco_markers__type_support.c
[5.749s] -- Installing: /home/pavel/jetbot_orgon_ws/src/install/aruco_msgs/include/aruco_msgs/aruco_msgs/msg/detail/aruco_markers__description.c
[5.749s] -- Installing: /home/pavel/jetbot_orgon_ws/src/install/aruco_msgs/include/aruco_msgs/aruco_msgs/msg/detail/aruco_marker__description.c
[5.749s] -- Installing: /home/pavel/jetbot_orgon_ws/src/install/aruco_msgs/include/aruco_msgs/aruco_msgs/msg/detail/aruco_markers__functions.h
[5.749s] -- Installing: /home/pavel/jetbot_orgon_ws/src/install/aruco_msgs/include/aruco_msgs/aruco_msgs/msg/detail/aruco_marker__functions.c
[5.749s] -- Installing: /home/pavel/jetbot_orgon_ws/src/install/aruco_msgs/include/aruco_msgs/aruco_msgs/msg/detail/aruco_markers__functions.c
[5.749s] -- Installing: /home/pavel/jetbot_orgon_ws/src/install/aruco_msgs/include/aruco_msgs/aruco_msgs/msg/aruco_markers.h
[5.749s] -- Installing: /home/pavel/jetbot_orgon_ws/src/install/aruco_msgs/include/aruco_msgs/aruco_msgs/msg/rosidl_generator_c__visibility_control.h
[5.750s] -- Installing: /home/pavel/jetbot_orgon_ws/src/install/aruco_msgs/include/aruco_msgs/aruco_msgs/msg/aruco_marker.h
[5.750s] -- Installing: /home/pavel/jetbot_orgon_ws/src/install/aruco_msgs/share/aruco_msgs/environment/library_path.sh
[5.750s] -- Installing: /home/pavel/jetbot_orgon_ws/src/install/aruco_msgs/share/aruco_msgs/environment/library_path.dsv
[5.750s] -- Installing: /home/pavel/jetbot_orgon_ws/src/install/aruco_msgs/lib/libaruco_msgs__rosidl_generator_c.so
[5.750s] -- Set non-toolchain portion of runtime path of "/home/pavel/jetbot_orgon_ws/src/install/aruco_msgs/lib/libaruco_msgs__rosidl_generator_c.so" to ""
[5.750s] -- Up-to-date: /home/pavel/jetbot_orgon_ws/src/install/aruco_msgs/include/aruco_msgs/aruco_msgs
[5.751s] -- Up-to-date: /home/pavel/jetbot_orgon_ws/src/install/aruco_msgs/include/aruco_msgs/aruco_msgs/msg
[5.751s] -- Up-to-date: /home/pavel/jetbot_orgon_ws/src/install/aruco_msgs/include/aruco_msgs/aruco_msgs/msg/detail
[5.751s] -- Installing: /home/pavel/jetbot_orgon_ws/src/install/aruco_msgs/include/aruco_msgs/aruco_msgs/msg/detail/aruco_markers__rosidl_typesupport_fastrtps_c.h
[5.751s] -- Installing: /home/pavel/jetbot_orgon_ws/src/install/aruco_msgs/include/aruco_msgs/aruco_msgs/msg/detail/aruco_marker__rosidl_typesupport_fastrtps_c.h
[5.751s] -- Installing: /home/pavel/jetbot_orgon_ws/src/install/aruco_msgs/include/aruco_msgs/aruco_msgs/msg/rosidl_typesupport_fastrtps_c__visibility_control.h
[5.751s] -- Installing: /home/pavel/jetbot_orgon_ws/src/install/aruco_msgs/lib/libaruco_msgs__rosidl_typesupport_fastrtps_c.so
[5.751s] -- Set non-toolchain portion of runtime path of "/home/pavel/jetbot_orgon_ws/src/install/aruco_msgs/lib/libaruco_msgs__rosidl_typesupport_fastrtps_c.so" to ""
[5.751s] -- Up-to-date: /home/pavel/jetbot_orgon_ws/src/install/aruco_msgs/include/aruco_msgs/aruco_msgs
[5.751s] -- Up-to-date: /home/pavel/jetbot_orgon_ws/src/install/aruco_msgs/include/aruco_msgs/aruco_msgs/msg
[5.751s] -- Up-to-date: /home/pavel/jetbot_orgon_ws/src/install/aruco_msgs/include/aruco_msgs/aruco_msgs/msg/detail
[5.752s] -- Up-to-date: /home/pavel/jetbot_orgon_ws/src/install/aruco_msgs/include/aruco_msgs/aruco_msgs/msg/detail/aruco_marker__type_support.c
[5.752s] -- Installing: /home/pavel/jetbot_orgon_ws/src/install/aruco_msgs/include/aruco_msgs/aruco_msgs/msg/detail/aruco_markers__rosidl_typesupport_introspection_c.h
[5.752s] -- Up-to-date: /home/pavel/jetbot_orgon_ws/src/install/aruco_msgs/include/aruco_msgs/aruco_msgs/msg/detail/aruco_markers__type_support.c
[5.752s] -- Installing: /home/pavel/jetbot_orgon_ws/src/install/aruco_msgs/include/aruco_msgs/aruco_msgs/msg/detail/aruco_marker__rosidl_typesupport_introspection_c.h
[5.752s] -- Installing: /home/pavel/jetbot_orgon_ws/src/install/aruco_msgs/include/aruco_msgs/aruco_msgs/msg/rosidl_typesupport_introspection_c__visibility_control.h
[5.752s] -- Installing: /home/pavel/jetbot_orgon_ws/src/install/aruco_msgs/lib/libaruco_msgs__rosidl_typesupport_introspection_c.so
[5.752s] -- Set non-toolchain portion of runtime path of "/home/pavel/jetbot_orgon_ws/src/install/aruco_msgs/lib/libaruco_msgs__rosidl_typesupport_introspection_c.so" to ""
[5.752s] -- Installing: /home/pavel/jetbot_orgon_ws/src/install/aruco_msgs/lib/libaruco_msgs__rosidl_typesupport_c.so
[5.752s] -- Set non-toolchain portion of runtime path of "/home/pavel/jetbot_orgon_ws/src/install/aruco_msgs/lib/libaruco_msgs__rosidl_typesupport_c.so" to ""
[5.752s] -- Up-to-date: /home/pavel/jetbot_orgon_ws/src/install/aruco_msgs/include/aruco_msgs/aruco_msgs
[5.753s] -- Up-to-date: /home/pavel/jetbot_orgon_ws/src/install/aruco_msgs/include/aruco_msgs/aruco_msgs/msg
[5.753s] -- Up-to-date: /home/pavel/jetbot_orgon_ws/src/install/aruco_msgs/include/aruco_msgs/aruco_msgs/msg/detail
[5.753s] -- Installing: /home/pavel/jetbot_orgon_ws/src/install/aruco_msgs/include/aruco_msgs/aruco_msgs/msg/detail/aruco_markers__struct.hpp
[5.753s] -- Installing: /home/pavel/jetbot_orgon_ws/src/install/aruco_msgs/include/aruco_msgs/aruco_msgs/msg/detail/aruco_marker__traits.hpp
[5.753s] -- Installing: /home/pavel/jetbot_orgon_ws/src/install/aruco_msgs/include/aruco_msgs/aruco_msgs/msg/detail/aruco_markers__builder.hpp
[5.753s] -- Installing: /home/pavel/jetbot_orgon_ws/src/install/aruco_msgs/include/aruco_msgs/aruco_msgs/msg/detail/aruco_marker__struct.hpp
[5.753s] -- Installing: /home/pavel/jetbot_orgon_ws/src/install/aruco_msgs/include/aruco_msgs/aruco_msgs/msg/detail/aruco_markers__traits.hpp
[5.753s] -- Installing: /home/pavel/jetbot_orgon_ws/src/install/aruco_msgs/include/aruco_msgs/aruco_msgs/msg/detail/aruco_markers__type_support.hpp
[5.753s] -- Installing: /home/pavel/jetbot_orgon_ws/src/install/aruco_msgs/include/aruco_msgs/aruco_msgs/msg/detail/aruco_marker__type_support.hpp
[5.753s] -- Installing: /home/pavel/jetbot_orgon_ws/src/install/aruco_msgs/include/aruco_msgs/aruco_msgs/msg/detail/aruco_marker__builder.hpp
[5.753s] -- Installing: /home/pavel/jetbot_orgon_ws/src/install/aruco_msgs/include/aruco_msgs/aruco_msgs/msg/aruco_marker.hpp
[5.754s] -- Installing: /home/pavel/jetbot_orgon_ws/src/install/aruco_msgs/include/aruco_msgs/aruco_msgs/msg/rosidl_generator_cpp__visibility_control.hpp
[5.754s] -- Installing: /home/pavel/jetbot_orgon_ws/src/install/aruco_msgs/include/aruco_msgs/aruco_msgs/msg/aruco_markers.hpp
[5.754s] -- Up-to-date: /home/pavel/jetbot_orgon_ws/src/install/aruco_msgs/include/aruco_msgs/aruco_msgs
[5.754s] -- Up-to-date: /home/pavel/jetbot_orgon_ws/src/install/aruco_msgs/include/aruco_msgs/aruco_msgs/msg
[5.754s] -- Up-to-date: /home/pavel/jetbot_orgon_ws/src/install/aruco_msgs/include/aruco_msgs/aruco_msgs/msg/detail
[5.754s] -- Installing: /home/pavel/jetbot_orgon_ws/src/install/aruco_msgs/include/aruco_msgs/aruco_msgs/msg/detail/aruco_marker__rosidl_typesupport_fastrtps_cpp.hpp
[5.754s] -- Installing: /home/pavel/jetbot_orgon_ws/src/install/aruco_msgs/include/aruco_msgs/aruco_msgs/msg/detail/dds_fastrtps
[5.754s] -- Installing: /home/pavel/jetbot_orgon_ws/src/install/aruco_msgs/include/aruco_msgs/aruco_msgs/msg/detail/aruco_markers__rosidl_typesupport_fastrtps_cpp.hpp
[5.754s] -- Installing: /home/pavel/jetbot_orgon_ws/src/install/aruco_msgs/include/aruco_msgs/aruco_msgs/msg/rosidl_typesupport_fastrtps_cpp__visibility_control.h
[5.754s] -- Installing: /home/pavel/jetbot_orgon_ws/src/install/aruco_msgs/lib/libaruco_msgs__rosidl_typesupport_fastrtps_cpp.so
[5.755s] -- Set non-toolchain portion of runtime path of "/home/pavel/jetbot_orgon_ws/src/install/aruco_msgs/lib/libaruco_msgs__rosidl_typesupport_fastrtps_cpp.so" to ""
[5.755s] -- Up-to-date: /home/pavel/jetbot_orgon_ws/src/install/aruco_msgs/include/aruco_msgs/aruco_msgs
[5.755s] -- Up-to-date: /home/pavel/jetbot_orgon_ws/src/install/aruco_msgs/include/aruco_msgs/aruco_msgs/msg
[5.755s] -- Up-to-date: /home/pavel/jetbot_orgon_ws/src/install/aruco_msgs/include/aruco_msgs/aruco_msgs/msg/detail
[5.755s] -- Installing: /home/pavel/jetbot_orgon_ws/src/install/aruco_msgs/include/aruco_msgs/aruco_msgs/msg/detail/aruco_markers__rosidl_typesupport_introspection_cpp.hpp
[5.755s] -- Installing: /home/pavel/jetbot_orgon_ws/src/install/aruco_msgs/include/aruco_msgs/aruco_msgs/msg/detail/aruco_marker__type_support.cpp
[5.755s] -- Installing: /home/pavel/jetbot_orgon_ws/src/install/aruco_msgs/include/aruco_msgs/aruco_msgs/msg/detail/aruco_marker__rosidl_typesupport_introspection_cpp.hpp
[5.755s] -- Installing: /home/pavel/jetbot_orgon_ws/src/install/aruco_msgs/include/aruco_msgs/aruco_msgs/msg/detail/aruco_markers__type_support.cpp
[5.755s] -- Installing: /home/pavel/jetbot_orgon_ws/src/install/aruco_msgs/lib/libaruco_msgs__rosidl_typesupport_introspection_cpp.so
[5.756s] -- Set non-toolchain portion of runtime path of "/home/pavel/jetbot_orgon_ws/src/install/aruco_msgs/lib/libaruco_msgs__rosidl_typesupport_introspection_cpp.so" to ""
[5.756s] -- Installing: /home/pavel/jetbot_orgon_ws/src/install/aruco_msgs/lib/libaruco_msgs__rosidl_typesupport_cpp.so
[5.756s] -- Set non-toolchain portion of runtime path of "/home/pavel/jetbot_orgon_ws/src/install/aruco_msgs/lib/libaruco_msgs__rosidl_typesupport_cpp.so" to ""
[5.756s] -- Installing: /home/pavel/jetbot_orgon_ws/src/install/aruco_msgs/share/aruco_msgs/environment/pythonpath.sh
[5.756s] -- Installing: /home/pavel/jetbot_orgon_ws/src/install/aruco_msgs/share/aruco_msgs/environment/pythonpath.dsv
[5.756s] -- Installing: /home/pavel/jetbot_orgon_ws/src/install/aruco_msgs/lib/python3.12/site-packages/aruco_msgs-0.0.1-py3.12.egg-info
[5.756s] -- Installing: /home/pavel/jetbot_orgon_ws/src/install/aruco_msgs/lib/python3.12/site-packages/aruco_msgs-0.0.1-py3.12.egg-info/PKG-INFO
[5.756s] -- Installing: /home/pavel/jetbot_orgon_ws/src/install/aruco_msgs/lib/python3.12/site-packages/aruco_msgs-0.0.1-py3.12.egg-info/top_level.txt
[5.756s] -- Installing: /home/pavel/jetbot_orgon_ws/src/install/aruco_msgs/lib/python3.12/site-packages/aruco_msgs-0.0.1-py3.12.egg-info/SOURCES.txt
[5.757s] -- Installing: /home/pavel/jetbot_orgon_ws/src/install/aruco_msgs/lib/python3.12/site-packages/aruco_msgs-0.0.1-py3.12.egg-info/dependency_links.txt
[5.757s] -- Installing: /home/pavel/jetbot_orgon_ws/src/install/aruco_msgs/lib/python3.12/site-packages/aruco_msgs
[5.757s] -- Installing: /home/pavel/jetbot_orgon_ws/src/install/aruco_msgs/lib/python3.12/site-packages/aruco_msgs/_aruco_msgs_s.ep.rosidl_typesupport_c.c
[5.757s] -- Installing: /home/pavel/jetbot_orgon_ws/src/install/aruco_msgs/lib/python3.12/site-packages/aruco_msgs/aruco_msgs_s__rosidl_typesupport_c.so
[5.757s] -- Installing: /home/pavel/jetbot_orgon_ws/src/install/aruco_msgs/lib/python3.12/site-packages/aruco_msgs/_aruco_msgs_s.ep.rosidl_typesupport_fastrtps_c.c
[5.757s] -- Installing: /home/pavel/jetbot_orgon_ws/src/install/aruco_msgs/lib/python3.12/site-packages/aruco_msgs/_aruco_msgs_s.ep.rosidl_typesupport_introspection_c.c
[5.757s] -- Installing: /home/pavel/jetbot_orgon_ws/src/install/aruco_msgs/lib/python3.12/site-packages/aruco_msgs/__init__.py
[5.757s] -- Installing: /home/pavel/jetbot_orgon_ws/src/install/aruco_msgs/lib/python3.12/site-packages/aruco_msgs/aruco_msgs_s__rosidl_typesupport_fastrtps_c.so
[5.757s] -- Installing: /home/pavel/jetbot_orgon_ws/src/install/aruco_msgs/lib/python3.12/site-packages/aruco_msgs/aruco_msgs_s__rosidl_typesupport_introspection_c.so
[5.758s] -- Installing: /home/pavel/jetbot_orgon_ws/src/install/aruco_msgs/lib/python3.12/site-packages/aruco_msgs/msg
[5.758s] -- Installing: /home/pavel/jetbot_orgon_ws/src/install/aruco_msgs/lib/python3.12/site-packages/aruco_msgs/msg/_aruco_markers.py
[5.758s] -- Installing: /home/pavel/jetbot_orgon_ws/src/install/aruco_msgs/lib/python3.12/site-packages/aruco_msgs/msg/_aruco_marker_s.c
[5.758s] -- Installing: /home/pavel/jetbot_orgon_ws/src/install/aruco_msgs/lib/python3.12/site-packages/aruco_msgs/msg/_aruco_markers_s.c
[5.758s] -- Installing: /home/pavel/jetbot_orgon_ws/src/install/aruco_msgs/lib/python3.12/site-packages/aruco_msgs/msg/__init__.py
[5.758s] -- Installing: /home/pavel/jetbot_orgon_ws/src/install/aruco_msgs/lib/python3.12/site-packages/aruco_msgs/msg/_aruco_marker.py
[5.788s] Listing '/home/pavel/jetbot_orgon_ws/src/install/aruco_msgs/lib/python3.12/site-packages/aruco_msgs'...
[5.788s] Compiling '/home/pavel/jetbot_orgon_ws/src/install/aruco_msgs/lib/python3.12/site-packages/aruco_msgs/__init__.py'...
[5.788s] Listing '/home/pavel/jetbot_orgon_ws/src/install/aruco_msgs/lib/python3.12/site-packages/aruco_msgs/msg'...
[5.788s] Compiling '/home/pavel/jetbot_orgon_ws/src/install/aruco_msgs/lib/python3.12/site-packages/aruco_msgs/msg/__init__.py'...
[5.788s] Compiling '/home/pavel/jetbot_orgon_ws/src/install/aruco_msgs/lib/python3.12/site-packages/aruco_msgs/msg/_aruco_marker.py'...
[5.788s] Compiling '/home/pavel/jetbot_orgon_ws/src/install/aruco_msgs/lib/python3.12/site-packages/aruco_msgs/msg/_aruco_markers.py'...
[5.793s] -- Installing: /home/pavel/jetbot_orgon_ws/src/install/aruco_msgs/lib/python3.12/site-packages/aruco_msgs/aruco_msgs_s__rosidl_typesupport_fastrtps_c.so
[5.794s] -- Set non-toolchain portion of runtime path of "/home/pavel/jetbot_orgon_ws/src/install/aruco_msgs/lib/python3.12/site-packages/aruco_msgs/aruco_msgs_s__rosidl_typesupport_fastrtps_c.so" to ""
[5.794s] -- Installing: /home/pavel/jetbot_orgon_ws/src/install/aruco_msgs/lib/python3.12/site-packages/aruco_msgs/aruco_msgs_s__rosidl_typesupport_introspection_c.so
[5.794s] -- Set non-toolchain portion of runtime path of "/home/pavel/jetbot_orgon_ws/src/install/aruco_msgs/lib/python3.12/site-packages/aruco_msgs/aruco_msgs_s__rosidl_typesupport_introspection_c.so" to ""
[5.794s] -- Installing: /home/pavel/jetbot_orgon_ws/src/install/aruco_msgs/lib/python3.12/site-packages/aruco_msgs/aruco_msgs_s__rosidl_typesupport_c.so
[5.794s] -- Set non-toolchain portion of runtime path of "/home/pavel/jetbot_orgon_ws/src/install/aruco_msgs/lib/python3.12/site-packages/aruco_msgs/aruco_msgs_s__rosidl_typesupport_c.so" to ""
[5.794s] -- Installing: /home/pavel/jetbot_orgon_ws/src/install/aruco_msgs/lib/libaruco_msgs__rosidl_generator_py.so
[5.795s] -- Set non-toolchain portion of runtime path of "/home/pavel/jetbot_orgon_ws/src/install/aruco_msgs/lib/libaruco_msgs__rosidl_generator_py.so" to ""
[5.795s] -- Installing: /home/pavel/jetbot_orgon_ws/src/install/aruco_msgs/share/aruco_msgs/msg/ArucoMarker.idl
[5.795s] -- Installing: /home/pavel/jetbot_orgon_ws/src/install/aruco_msgs/share/aruco_msgs/msg/ArucoMarkers.idl
[5.795s] -- Installing: /home/pavel/jetbot_orgon_ws/src/install/aruco_msgs/share/aruco_msgs/msg/ArucoMarker.msg
[5.795s] -- Installing: /home/pavel/jetbot_orgon_ws/src/install/aruco_msgs/share/aruco_msgs/msg/ArucoMarkers.msg
[5.795s] -- Installing: /home/pavel/jetbot_orgon_ws/src/install/aruco_msgs/share/ament_index/resource_index/package_run_dependencies/aruco_msgs
[5.796s] -- Installing: /home/pavel/jetbot_orgon_ws/src/install/aruco_msgs/share/ament_index/resource_index/parent_prefix_path/aruco_msgs
[5.796s] -- Installing: /home/pavel/jetbot_orgon_ws/src/install/aruco_msgs/share/aruco_msgs/environment/ament_prefix_path.sh
[5.796s] -- Installing: /home/pavel/jetbot_orgon_ws/src/install/aruco_msgs/share/aruco_msgs/environment/ament_prefix_path.dsv
[5.796s] -- Installing: /home/pavel/jetbot_orgon_ws/src/install/aruco_msgs/share/aruco_msgs/environment/path.sh
[5.796s] -- Installing: /home/pavel/jetbot_orgon_ws/src/install/aruco_msgs/share/aruco_msgs/environment/path.dsv
[5.796s] -- Installing: /home/pavel/jetbot_orgon_ws/src/install/aruco_msgs/share/aruco_msgs/local_setup.bash
[5.796s] -- Installing: /home/pavel/jetbot_orgon_ws/src/install/aruco_msgs/share/aruco_msgs/local_setup.sh
[5.796s] -- Installing: /home/pavel/jetbot_orgon_ws/src/install/aruco_msgs/share/aruco_msgs/local_setup.zsh
[5.797s] -- Installing: /home/pavel/jetbot_orgon_ws/src/install/aruco_msgs/share/aruco_msgs/local_setup.dsv
[5.797s] -- Installing: /home/pavel/jetbot_orgon_ws/src/install/aruco_msgs/share/aruco_msgs/package.dsv
[5.797s] -- Installing: /home/pavel/jetbot_orgon_ws/src/install/aruco_msgs/share/ament_index/resource_index/packages/aruco_msgs
[5.797s] -- Installing: /home/pavel/jetbot_orgon_ws/src/install/aruco_msgs/share/aruco_msgs/cmake/export_aruco_msgs__rosidl_generator_cExport.cmake
[5.797s] -- Installing: /home/pavel/jetbot_orgon_ws/src/install/aruco_msgs/share/aruco_msgs/cmake/export_aruco_msgs__rosidl_generator_cExport-noconfig.cmake
[5.797s] -- Installing: /home/pavel/jetbot_orgon_ws/src/install/aruco_msgs/share/aruco_msgs/cmake/export_aruco_msgs__rosidl_typesupport_fastrtps_cExport.cmake
[5.798s] -- Installing: /home/pavel/jetbot_orgon_ws/src/install/aruco_msgs/share/aruco_msgs/cmake/export_aruco_msgs__rosidl_typesupport_fastrtps_cExport-noconfig.cmake
[5.798s] -- Installing: /home/pavel/jetbot_orgon_ws/src/install/aruco_msgs/share/aruco_msgs/cmake/aruco_msgs__rosidl_typesupport_introspection_cExport.cmake
[5.798s] -- Installing: /home/pavel/jetbot_orgon_ws/src/install/aruco_msgs/share/aruco_msgs/cmake/aruco_msgs__rosidl_typesupport_introspection_cExport-noconfig.cmake
[5.798s] -- Installing: /home/pavel/jetbot_orgon_ws/src/install/aruco_msgs/share/aruco_msgs/cmake/aruco_msgs__rosidl_typesupport_cExport.cmake
[5.798s] -- Installing: /home/pavel/jetbot_orgon_ws/src/install/aruco_msgs/share/aruco_msgs/cmake/aruco_msgs__rosidl_typesupport_cExport-noconfig.cmake
[5.798s] -- Installing: /home/pavel/jetbot_orgon_ws/src/install/aruco_msgs/share/aruco_msgs/cmake/export_aruco_msgs__rosidl_generator_cppExport.cmake
[5.799s] -- Installing: /home/pavel/jetbot_orgon_ws/src/install/aruco_msgs/share/aruco_msgs/cmake/export_aruco_msgs__rosidl_typesupport_fastrtps_cppExport.cmake
[5.799s] -- Installing: /home/pavel/jetbot_orgon_ws/src/install/aruco_msgs/share/aruco_msgs/cmake/export_aruco_msgs__rosidl_typesupport_fastrtps_cppExport-noconfig.cmake
[5.799s] -- Installing: /home/pavel/jetbot_orgon_ws/src/install/aruco_msgs/share/aruco_msgs/cmake/aruco_msgs__rosidl_typesupport_introspection_cppExport.cmake
[5.799s] -- Installing: /home/pavel/jetbot_orgon_ws/src/install/aruco_msgs/share/aruco_msgs/cmake/aruco_msgs__rosidl_typesupport_introspection_cppExport-noconfig.cmake
[5.799s] -- Installing: /home/pavel/jetbot_orgon_ws/src/install/aruco_msgs/share/aruco_msgs/cmake/aruco_msgs__rosidl_typesupport_cppExport.cmake
[5.799s] -- Installing: /home/pavel/jetbot_orgon_ws/src/install/aruco_msgs/share/aruco_msgs/cmake/aruco_msgs__rosidl_typesupport_cppExport-noconfig.cmake
[5.799s] -- Installing: /home/pavel/jetbot_orgon_ws/src/install/aruco_msgs/share/aruco_msgs/cmake/export_aruco_msgs__rosidl_generator_pyExport.cmake
[5.800s] -- Installing: /home/pavel/jetbot_orgon_ws/src/install/aruco_msgs/share/aruco_msgs/cmake/export_aruco_msgs__rosidl_generator_pyExport-noconfig.cmake
[5.800s] -- Installing: /home/pavel/jetbot_orgon_ws/src/install/aruco_msgs/share/aruco_msgs/cmake/rosidl_cmake-extras.cmake
[5.800s] -- Installing: /home/pavel/jetbot_orgon_ws/src/install/aruco_msgs/share/aruco_msgs/cmake/ament_cmake_export_dependencies-extras.cmake
[5.800s] -- Installing: /home/pavel/jetbot_orgon_ws/src/install/aruco_msgs/share/aruco_msgs/cmake/ament_cmake_export_include_directories-extras.cmake
[5.800s] -- Installing: /home/pavel/jetbot_orgon_ws/src/install/aruco_msgs/share/aruco_msgs/cmake/ament_cmake_export_libraries-extras.cmake
[5.800s] -- Installing: /home/pavel/jetbot_orgon_ws/src/install/aruco_msgs/share/aruco_msgs/cmake/ament_cmake_export_targets-extras.cmake
[5.800s] -- Installing: /home/pavel/jetbot_orgon_ws/src/install/aruco_msgs/share/aruco_msgs/cmake/rosidl_cmake_export_typesupport_targets-extras.cmake
[5.800s] -- Installing: /home/pavel/jetbot_orgon_ws/src/install/aruco_msgs/share/aruco_msgs/cmake/rosidl_cmake_export_typesupport_libraries-extras.cmake
[5.801s] -- Installing: /home/pavel/jetbot_orgon_ws/src/install/aruco_msgs/share/aruco_msgs/cmake/aruco_msgsConfig.cmake
[5.801s] -- Installing: /home/pavel/jetbot_orgon_ws/src/install/aruco_msgs/share/aruco_msgs/cmake/aruco_msgsConfig-version.cmake
[5.801s] -- Installing: /home/pavel/jetbot_orgon_ws/src/install/aruco_msgs/share/aruco_msgs/package.xml
[5.803s] Invoked command in '/home/pavel/jetbot_orgon_ws/src/build/aruco_msgs' returned '0': CMAKE_PREFIX_PATH=${CMAKE_PREFIX_PATH}:/opt/ros/jazzy DEBUGINFOD_URLS=https://debuginfod.ubuntu.com /usr/bin/cmake --install /home/pavel/jetbot_orgon_ws/src/build/aruco_msgs
