running egg_info
creating ../../build/aruco_bringup/aruco_bringup.egg-info
writing ../../build/aruco_bringup/aruco_bringup.egg-info/PKG-INFO
writing dependency_links to ../../build/aruco_bringup/aruco_bringup.egg-info/dependency_links.txt
writing requirements to ../../build/aruco_bringup/aruco_bringup.egg-info/requires.txt
writing top-level names to ../../build/aruco_bringup/aruco_bringup.egg-info/top_level.txt
writing manifest file '../../build/aruco_bringup/aruco_bringup.egg-info/SOURCES.txt'
reading manifest file '../../build/aruco_bringup/aruco_bringup.egg-info/SOURCES.txt'
adding license file 'LICENSE'
writing manifest file '../../build/aruco_bringup/aruco_bringup.egg-info/SOURCES.txt'
running build
running build_py
creating /home/pavel/jetbot_orgon_ws/src/build/aruco_bringup/build
creating /home/pavel/jetbot_orgon_ws/src/build/aruco_bringup/build/lib
creating /home/pavel/jetbot_orgon_ws/src/build/aruco_bringup/build/lib/aruco_bringup
copying aruco_bringup/__init__.py -> /home/pavel/jetbot_orgon_ws/src/build/aruco_bringup/build/lib/aruco_bringup
running install
running install_lib
creating /home/pavel/jetbot_orgon_ws/src/install/aruco_bringup/lib/python3.12/site-packages/aruco_bringup
copying /home/pavel/jetbot_orgon_ws/src/build/aruco_bringup/build/lib/aruco_bringup/__init__.py -> /home/pavel/jetbot_orgon_ws/src/install/aruco_bringup/lib/python3.12/site-packages/aruco_bringup
byte-compiling /home/pavel/jetbot_orgon_ws/src/install/aruco_bringup/lib/python3.12/site-packages/aruco_bringup/__init__.py to __init__.cpython-312.pyc
running install_data
creating /home/pavel/jetbot_orgon_ws/src/install/aruco_bringup/share/ament_index
creating /home/pavel/jetbot_orgon_ws/src/install/aruco_bringup/share/ament_index/resource_index
creating /home/pavel/jetbot_orgon_ws/src/install/aruco_bringup/share/ament_index/resource_index/packages
copying resource/aruco_bringup -> /home/pavel/jetbot_orgon_ws/src/install/aruco_bringup/share/ament_index/resource_index/packages
copying package.xml -> /home/pavel/jetbot_orgon_ws/src/install/aruco_bringup/share/aruco_bringup
creating /home/pavel/jetbot_orgon_ws/src/install/aruco_bringup/share/aruco_bringup/launch
copying launch/aruco_bringup_debug.launch.py -> /home/pavel/jetbot_orgon_ws/src/install/aruco_bringup/share/aruco_bringup/launch
copying launch/aruco_bringup_release.launch.py -> /home/pavel/jetbot_orgon_ws/src/install/aruco_bringup/share/aruco_bringup/launch
creating /home/pavel/jetbot_orgon_ws/src/install/aruco_bringup/share/aruco_bringup/rqt_config
copying rqt_config/debug.perspective -> /home/pavel/jetbot_orgon_ws/src/install/aruco_bringup/share/aruco_bringup/rqt_config
running install_egg_info
Copying ../../build/aruco_bringup/aruco_bringup.egg-info to /home/pavel/jetbot_orgon_ws/src/install/aruco_bringup/lib/python3.12/site-packages/aruco_bringup-0.0.0-py3.12.egg-info
running install_scripts
writing list of installed files to '/home/pavel/jetbot_orgon_ws/src/build/aruco_bringup/install.log'
