[1.619s] Invoking command in '/home/pavel/jetbot_orgon_ws/src/aruco/aruco_bringup': DEBUGINFOD_URLS=https://debuginfod.ubuntu.com PYTHONPATH=/home/pavel/jetbot_orgon_ws/src/build/aruco_bringup/prefix_override:/usr/lib/python3/dist-packages/colcon_core/task/python/colcon_distutils_commands:/home/pavel/jetbot_orgon_ws/src/install/aruco_bringup/lib/python3.12/site-packages:${PYTHONPATH} /usr/bin/python3 -W ignore:setup.py install is deprecated -W ignore:easy_install command is deprecated setup.py egg_info --egg-base ../../build/aruco_bringup build --build-base /home/pavel/jetbot_orgon_ws/src/build/aruco_bringup/build install --record /home/pavel/jetbot_orgon_ws/src/build/aruco_bringup/install.log --single-version-externally-managed install_data
[1.940s] running egg_info
[1.940s] creating ../../build/aruco_bringup/aruco_bringup.egg-info
[1.968s] writing ../../build/aruco_bringup/aruco_bringup.egg-info/PKG-INFO
[1.971s] writing dependency_links to ../../build/aruco_bringup/aruco_bringup.egg-info/dependency_links.txt
[1.971s] writing requirements to ../../build/aruco_bringup/aruco_bringup.egg-info/requires.txt
[1.971s] writing top-level names to ../../build/aruco_bringup/aruco_bringup.egg-info/top_level.txt
[1.971s] writing manifest file '../../build/aruco_bringup/aruco_bringup.egg-info/SOURCES.txt'
[2.024s] reading manifest file '../../build/aruco_bringup/aruco_bringup.egg-info/SOURCES.txt'
[2.025s] adding license file 'LICENSE'
[2.026s] writing manifest file '../../build/aruco_bringup/aruco_bringup.egg-info/SOURCES.txt'
[2.026s] running build
[2.026s] running build_py
[2.027s] creating /home/pavel/jetbot_orgon_ws/src/build/aruco_bringup/build
[2.027s] creating /home/pavel/jetbot_orgon_ws/src/build/aruco_bringup/build/lib
[2.030s] creating /home/pavel/jetbot_orgon_ws/src/build/aruco_bringup/build/lib/aruco_bringup
[2.030s] copying aruco_bringup/__init__.py -> /home/pavel/jetbot_orgon_ws/src/build/aruco_bringup/build/lib/aruco_bringup
[2.030s] running install
[2.039s] running install_lib
[2.068s] creating /home/pavel/jetbot_orgon_ws/src/install/aruco_bringup/lib/python3.12/site-packages/aruco_bringup
[2.068s] copying /home/pavel/jetbot_orgon_ws/src/build/aruco_bringup/build/lib/aruco_bringup/__init__.py -> /home/pavel/jetbot_orgon_ws/src/install/aruco_bringup/lib/python3.12/site-packages/aruco_bringup
[2.072s] byte-compiling /home/pavel/jetbot_orgon_ws/src/install/aruco_bringup/lib/python3.12/site-packages/aruco_bringup/__init__.py to __init__.cpython-312.pyc
[2.073s] running install_data
[2.073s] creating /home/pavel/jetbot_orgon_ws/src/install/aruco_bringup/share/ament_index
[2.073s] creating /home/pavel/jetbot_orgon_ws/src/install/aruco_bringup/share/ament_index/resource_index
[2.073s] creating /home/pavel/jetbot_orgon_ws/src/install/aruco_bringup/share/ament_index/resource_index/packages
[2.073s] copying resource/aruco_bringup -> /home/pavel/jetbot_orgon_ws/src/install/aruco_bringup/share/ament_index/resource_index/packages
[2.073s] copying package.xml -> /home/pavel/jetbot_orgon_ws/src/install/aruco_bringup/share/aruco_bringup
[2.073s] creating /home/pavel/jetbot_orgon_ws/src/install/aruco_bringup/share/aruco_bringup/launch
[2.073s] copying launch/aruco_bringup_debug.launch.py -> /home/pavel/jetbot_orgon_ws/src/install/aruco_bringup/share/aruco_bringup/launch
[2.073s] copying launch/aruco_bringup_release.launch.py -> /home/pavel/jetbot_orgon_ws/src/install/aruco_bringup/share/aruco_bringup/launch
[2.073s] creating /home/pavel/jetbot_orgon_ws/src/install/aruco_bringup/share/aruco_bringup/rqt_config
[2.074s] copying rqt_config/debug.perspective -> /home/pavel/jetbot_orgon_ws/src/install/aruco_bringup/share/aruco_bringup/rqt_config
[2.074s] running install_egg_info
[2.145s] Copying ../../build/aruco_bringup/aruco_bringup.egg-info to /home/pavel/jetbot_orgon_ws/src/install/aruco_bringup/lib/python3.12/site-packages/aruco_bringup-0.0.0-py3.12.egg-info
[2.148s] running install_scripts
[2.496s] writing list of installed files to '/home/pavel/jetbot_orgon_ws/src/build/aruco_bringup/install.log'
[2.589s] Invoked command in '/home/pavel/jetbot_orgon_ws/src/aruco/aruco_bringup' returned '0': DEBUGINFOD_URLS=https://debuginfod.ubuntu.com PYTHONPATH=/home/pavel/jetbot_orgon_ws/src/build/aruco_bringup/prefix_override:/usr/lib/python3/dist-packages/colcon_core/task/python/colcon_distutils_commands:/home/pavel/jetbot_orgon_ws/src/install/aruco_bringup/lib/python3.12/site-packages:${PYTHONPATH} /usr/bin/python3 -W ignore:setup.py install is deprecated -W ignore:easy_install command is deprecated setup.py egg_info --egg-base ../../build/aruco_bringup build --build-base /home/pavel/jetbot_orgon_ws/src/build/aruco_bringup/build install --record /home/pavel/jetbot_orgon_ws/src/build/aruco_bringup/install.log --single-version-externally-managed install_data
