[0.914s] Invoking command in '/home/pavel/jetbot_orgon_ws/src/aruco/aruco_analyzer': AMENT_PREFIX_PATH=/home/pavel/jetbot_orgon_ws/src/install/aruco_msgs:${AMENT_PREFIX_PATH} CMAKE_PREFIX_PATH=/home/pavel/jetbot_orgon_ws/src/install/aruco_msgs:${CMAKE_PREFIX_PATH} DEBUGINFOD_URLS=https://debuginfod.ubuntu.com LD_LIBRARY_PATH=/home/pavel/jetbot_orgon_ws/src/install/aruco_msgs/lib:${LD_LIBRARY_PATH} PYTHONPATH=/home/pavel/jetbot_orgon_ws/src/build/aruco_analyzer/prefix_override:/usr/lib/python3/dist-packages/colcon_core/task/python/colcon_distutils_commands:/home/pavel/jetbot_orgon_ws/src/install/aruco_analyzer/lib/python3.12/site-packages:/home/pavel/jetbot_orgon_ws/src/install/aruco_msgs/lib/python3.12/site-packages:${PYTHONPATH} /usr/bin/python3 -W ignore:setup.py install is deprecated -W ignore:easy_install command is deprecated setup.py egg_info --egg-base ../../build/aruco_analyzer build --build-base /home/pavel/jetbot_orgon_ws/src/build/aruco_analyzer/build install --record /home/pavel/jetbot_orgon_ws/src/build/aruco_analyzer/install.log --single-version-externally-managed install_data
[1.149s] running egg_info
[1.166s] writing ../../build/aruco_analyzer/aruco_analyzer.egg-info/PKG-INFO
[1.167s] writing dependency_links to ../../build/aruco_analyzer/aruco_analyzer.egg-info/dependency_links.txt
[1.167s] writing entry points to ../../build/aruco_analyzer/aruco_analyzer.egg-info/entry_points.txt
[1.167s] writing requirements to ../../build/aruco_analyzer/aruco_analyzer.egg-info/requires.txt
[1.167s] writing top-level names to ../../build/aruco_analyzer/aruco_analyzer.egg-info/top_level.txt
[1.200s] reading manifest file '../../build/aruco_analyzer/aruco_analyzer.egg-info/SOURCES.txt'
[1.200s] adding license file 'LICENSE'
[1.201s] writing manifest file '../../build/aruco_analyzer/aruco_analyzer.egg-info/SOURCES.txt'
[1.201s] running build
[1.201s] running build_py
[1.201s] running install
[1.206s] running install_lib
[1.224s] running install_data
[1.224s] running install_egg_info
[1.242s] removing '/home/pavel/jetbot_orgon_ws/src/install/aruco_analyzer/lib/python3.12/site-packages/aruco_analyzer-0.0.1-py3.12.egg-info' (and everything under it)
[1.242s] Copying ../../build/aruco_analyzer/aruco_analyzer.egg-info to /home/pavel/jetbot_orgon_ws/src/install/aruco_analyzer/lib/python3.12/site-packages/aruco_analyzer-0.0.1-py3.12.egg-info
[1.243s] running install_scripts
[1.353s] Installing aruco_analyzer script to /home/pavel/jetbot_orgon_ws/src/install/aruco_analyzer/lib/aruco_analyzer
[1.353s] writing list of installed files to '/home/pavel/jetbot_orgon_ws/src/build/aruco_analyzer/install.log'
[1.380s] Invoked command in '/home/pavel/jetbot_orgon_ws/src/aruco/aruco_analyzer' returned '0': AMENT_PREFIX_PATH=/home/pavel/jetbot_orgon_ws/src/install/aruco_msgs:${AMENT_PREFIX_PATH} CMAKE_PREFIX_PATH=/home/pavel/jetbot_orgon_ws/src/install/aruco_msgs:${CMAKE_PREFIX_PATH} DEBUGINFOD_URLS=https://debuginfod.ubuntu.com LD_LIBRARY_PATH=/home/pavel/jetbot_orgon_ws/src/install/aruco_msgs/lib:${LD_LIBRARY_PATH} PYTHONPATH=/home/pavel/jetbot_orgon_ws/src/build/aruco_analyzer/prefix_override:/usr/lib/python3/dist-packages/colcon_core/task/python/colcon_distutils_commands:/home/pavel/jetbot_orgon_ws/src/install/aruco_analyzer/lib/python3.12/site-packages:/home/pavel/jetbot_orgon_ws/src/install/aruco_msgs/lib/python3.12/site-packages:${PYTHONPATH} /usr/bin/python3 -W ignore:setup.py install is deprecated -W ignore:easy_install command is deprecated setup.py egg_info --egg-base ../../build/aruco_analyzer build --build-base /home/pavel/jetbot_orgon_ws/src/build/aruco_analyzer/build install --record /home/pavel/jetbot_orgon_ws/src/build/aruco_analyzer/install.log --single-version-externally-managed install_data
