/home/pavel/jetbot_orgon_ws/src/install/completed_scripts_jetbot/lib/python3.12/site-packages/completed_scripts_jetbot/__init__.py
/home/pavel/jetbot_orgon_ws/src/install/completed_scripts_jetbot/lib/python3.12/site-packages/completed_scripts_jetbot/__pycache__/__init__.cpython-312.pyc
/home/pavel/jetbot_orgon_ws/src/install/completed_scripts_jetbot/share/ament_index/resource_index/packages/completed_scripts_jetbot
/home/pavel/jetbot_orgon_ws/src/install/completed_scripts_jetbot/share/completed_scripts_jetbot/package.xml
/home/pavel/jetbot_orgon_ws/src/install/completed_scripts_jetbot/share/completed_scripts_jetbot/launch/jetbot_sensors_and_motors.launch.py
/home/pavel/jetbot_orgon_ws/src/install/completed_scripts_jetbot/share/completed_scripts_jetbot/launch/rviz_and_robot_description.launch.py
/home/pavel/jetbot_orgon_ws/src/install/completed_scripts_jetbot/share/completed_scripts_jetbot/launch/navigation.launch.py
/home/pavel/jetbot_orgon_ws/src/install/completed_scripts_jetbot/share/completed_scripts_jetbot/launch/load_map.launch.py
/home/pavel/jetbot_orgon_ws/src/install/completed_scripts_jetbot/share/completed_scripts_jetbot/launch/mapping.launch.py
/home/pavel/jetbot_orgon_ws/src/install/completed_scripts_jetbot/share/completed_scripts_jetbot/launch/teleop.launch.py
/home/pavel/jetbot_orgon_ws/src/install/completed_scripts_jetbot/share/completed_scripts_jetbot/config/navigation_param_real.yaml
/home/pavel/jetbot_orgon_ws/src/install/completed_scripts_jetbot/share/completed_scripts_jetbot/config/mapper_params_real.yaml
/home/pavel/jetbot_orgon_ws/src/install/completed_scripts_jetbot/share/completed_scripts_jetbot/config/amcl_params_real.yaml
/home/pavel/jetbot_orgon_ws/src/install/completed_scripts_jetbot/share/completed_scripts_jetbot/config/teleop_params.yaml
/home/pavel/jetbot_orgon_ws/src/install/completed_scripts_jetbot/share/completed_scripts_jetbot/rviz/full.rviz
/home/pavel/jetbot_orgon_ws/src/install/completed_scripts_jetbot/share/completed_scripts_jetbot/maps/map.yaml
/home/pavel/jetbot_orgon_ws/src/install/completed_scripts_jetbot/share/completed_scripts_jetbot/maps/map.pgm
/home/pavel/jetbot_orgon_ws/src/install/completed_scripts_jetbot/share/completed_scripts_jetbot/maps/G210_with_boxes_map.yaml
/home/pavel/jetbot_orgon_ws/src/install/completed_scripts_jetbot/share/completed_scripts_jetbot/maps/G210_with_boxes_map.pgm
/home/pavel/jetbot_orgon_ws/src/install/completed_scripts_jetbot/lib/python3.12/site-packages/completed_scripts_jetbot-1.0.0-py3.12.egg-info/requires.txt
/home/pavel/jetbot_orgon_ws/src/install/completed_scripts_jetbot/lib/python3.12/site-packages/completed_scripts_jetbot-1.0.0-py3.12.egg-info/PKG-INFO
/home/pavel/jetbot_orgon_ws/src/install/completed_scripts_jetbot/lib/python3.12/site-packages/completed_scripts_jetbot-1.0.0-py3.12.egg-info/top_level.txt
/home/pavel/jetbot_orgon_ws/src/install/completed_scripts_jetbot/lib/python3.12/site-packages/completed_scripts_jetbot-1.0.0-py3.12.egg-info/SOURCES.txt
/home/pavel/jetbot_orgon_ws/src/install/completed_scripts_jetbot/lib/python3.12/site-packages/completed_scripts_jetbot-1.0.0-py3.12.egg-info/dependency_links.txt
/home/pavel/jetbot_orgon_ws/src/install/completed_scripts_jetbot/lib/python3.12/site-packages/completed_scripts_jetbot-1.0.0-py3.12.egg-info/zip-safe
