[0.068s] Invoking command in '/home/pavel/jetbot_orgon_ws/src/build/aruco_msgs': CMAKE_PREFIX_PATH=${CMAKE_PREFIX_PATH}:/home/pavel/jetbot_orgon_ws/src/install/completed_scripts_jetbot:/home/pavel/jetbot_orgon_ws/src/install/serial_bridge_package:/home/pavel/jetbot_orgon_ws/src/install/realsense_pkg:/home/pavel/jetbot_orgon_ws/src/install/manipulator_control:/home/pavel/jetbot_orgon_ws/src/install/lidar_filter:/home/pavel/jetbot_orgon_ws/src/install/detector:/home/pavel/jetbot_orgon_ws/src/install/camera_driver:/home/pavel/jetbot_orgon_ws/src/install/brain:/home/pavel/jetbot_orgon_ws/src/install/aruco_analyzer:/home/pavel/jetbot_orgon_ws/src/install/aruco_bringup:/home/pavel/jetbot_orgon_ws/install/completed_scripts_jetbot:/home/pavel/jetbot_orgon_ws/install/serial_bridge_package:/home/pavel/jetbot_orgon_ws/install/realsense_pkg:/home/pavel/jetbot_orgon_ws/install/manipulator_control:/home/pavel/jetbot_orgon_ws/install/lidar_filter:/home/pavel/jetbot_orgon_ws/install/detector:/home/pavel/jetbot_orgon_ws/install/camera_driver:/home/pavel/jetbot_orgon_ws/install/aruco_analyzer:/home/pavel/jetbot_orgon_ws/install/aruco_bringup:/opt/ros/jazzy DEBUGINFOD_URLS=https://debuginfod.ubuntu.com /usr/bin/cmake --build /home/pavel/jetbot_orgon_ws/src/build/aruco_msgs -- -j16 -l16
[1.302s] [  2%] Built target aruco_msgs__rosidl_generator_type_description
[1.303s] [  2%] Built target ament_cmake_python_copy_aruco_msgs
[1.304s] [  6%] Built target aruco_msgs__cpp
[1.304s] [ 22%] Built target aruco_msgs__rosidl_generator_c
[1.304s] [ 59%] Built target aruco_msgs__rosidl_typesupport_introspection_cpp
[1.304s] [ 59%] Built target aruco_msgs__rosidl_typesupport_fastrtps_c
[1.304s] [ 59%] Built target aruco_msgs__rosidl_typesupport_c
[1.304s] [ 59%] Built target aruco_msgs__rosidl_typesupport_fastrtps_cpp
[1.304s] [ 68%] Built target aruco_msgs__rosidl_typesupport_cpp
[1.304s] [ 77%] Built target aruco_msgs__rosidl_typesupport_introspection_c
[1.304s] [ 77%] Built target aruco_msgs
[1.305s] [ 79%] Built target aruco_msgs__py
[1.305s] [ 86%] Built target aruco_msgs__rosidl_generator_py
[1.305s] [ 97%] Built target aruco_msgs_s__rosidl_typesupport_c
[1.305s] [ 97%] Built target aruco_msgs_s__rosidl_typesupport_fastrtps_c
[1.305s] [100%] Built target aruco_msgs_s__rosidl_typesupport_introspection_c
[1.305s] running egg_info
[1.305s] writing aruco_msgs.egg-info/PKG-INFO
[1.305s] writing dependency_links to aruco_msgs.egg-info/dependency_links.txt
[1.305s] writing top-level names to aruco_msgs.egg-info/top_level.txt
[1.305s] reading manifest file 'aruco_msgs.egg-info/SOURCES.txt'
[1.305s] writing manifest file 'aruco_msgs.egg-info/SOURCES.txt'
[1.305s] [100%] Built target ament_cmake_python_build_aruco_msgs_egg
[1.482s] Invoked command in '/home/pavel/jetbot_orgon_ws/src/build/aruco_msgs' returned '0': CMAKE_PREFIX_PATH=${CMAKE_PREFIX_PATH}:/home/pavel/jetbot_orgon_ws/src/install/completed_scripts_jetbot:/home/pavel/jetbot_orgon_ws/src/install/serial_bridge_package:/home/pavel/jetbot_orgon_ws/src/install/realsense_pkg:/home/pavel/jetbot_orgon_ws/src/install/manipulator_control:/home/pavel/jetbot_orgon_ws/src/install/lidar_filter:/home/pavel/jetbot_orgon_ws/src/install/detector:/home/pavel/jetbot_orgon_ws/src/install/camera_driver:/home/pavel/jetbot_orgon_ws/src/install/brain:/home/pavel/jetbot_orgon_ws/src/install/aruco_analyzer:/home/pavel/jetbot_orgon_ws/src/install/aruco_bringup:/home/pavel/jetbot_orgon_ws/install/completed_scripts_jetbot:/home/pavel/jetbot_orgon_ws/install/serial_bridge_package:/home/pavel/jetbot_orgon_ws/install/realsense_pkg:/home/pavel/jetbot_orgon_ws/install/manipulator_control:/home/pavel/jetbot_orgon_ws/install/lidar_filter:/home/pavel/jetbot_orgon_ws/install/detector:/home/pavel/jetbot_orgon_ws/install/camera_driver:/home/pavel/jetbot_orgon_ws/install/aruco_analyzer:/home/pavel/jetbot_orgon_ws/install/aruco_bringup:/opt/ros/jazzy DEBUGINFOD_URLS=https://debuginfod.ubuntu.com /usr/bin/cmake --build /home/pavel/jetbot_orgon_ws/src/build/aruco_msgs -- -j16 -l16
[1.491s] Invoking command in '/home/pavel/jetbot_orgon_ws/src/build/aruco_msgs': CMAKE_PREFIX_PATH=${CMAKE_PREFIX_PATH}:/home/pavel/jetbot_orgon_ws/src/install/completed_scripts_jetbot:/home/pavel/jetbot_orgon_ws/src/install/serial_bridge_package:/home/pavel/jetbot_orgon_ws/src/install/realsense_pkg:/home/pavel/jetbot_orgon_ws/src/install/manipulator_control:/home/pavel/jetbot_orgon_ws/src/install/lidar_filter:/home/pavel/jetbot_orgon_ws/src/install/detector:/home/pavel/jetbot_orgon_ws/src/install/camera_driver:/home/pavel/jetbot_orgon_ws/src/install/brain:/home/pavel/jetbot_orgon_ws/src/install/aruco_analyzer:/home/pavel/jetbot_orgon_ws/src/install/aruco_bringup:/home/pavel/jetbot_orgon_ws/install/completed_scripts_jetbot:/home/pavel/jetbot_orgon_ws/install/serial_bridge_package:/home/pavel/jetbot_orgon_ws/install/realsense_pkg:/home/pavel/jetbot_orgon_ws/install/manipulator_control:/home/pavel/jetbot_orgon_ws/install/lidar_filter:/home/pavel/jetbot_orgon_ws/install/detector:/home/pavel/jetbot_orgon_ws/install/camera_driver:/home/pavel/jetbot_orgon_ws/install/aruco_analyzer:/home/pavel/jetbot_orgon_ws/install/aruco_bringup:/opt/ros/jazzy DEBUGINFOD_URLS=https://debuginfod.ubuntu.com /usr/bin/cmake --install /home/pavel/jetbot_orgon_ws/src/build/aruco_msgs
[1.499s] -- Install configuration: ""
[1.499s] -- Up-to-date: /home/pavel/jetbot_orgon_ws/src/install/aruco_msgs/share/ament_index/resource_index/rosidl_interfaces/aruco_msgs
[1.500s] -- Up-to-date: /home/pavel/jetbot_orgon_ws/src/install/aruco_msgs/share/aruco_msgs/msg/ArucoMarker.json
[1.500s] -- Up-to-date: /home/pavel/jetbot_orgon_ws/src/install/aruco_msgs/share/aruco_msgs/msg/ArucoMarkers.json
[1.501s] -- Up-to-date: /home/pavel/jetbot_orgon_ws/src/install/aruco_msgs/include/aruco_msgs/aruco_msgs
[1.501s] -- Up-to-date: /home/pavel/jetbot_orgon_ws/src/install/aruco_msgs/include/aruco_msgs/aruco_msgs/msg
[1.502s] -- Up-to-date: /home/pavel/jetbot_orgon_ws/src/install/aruco_msgs/include/aruco_msgs/aruco_msgs/msg/detail
[1.502s] -- Up-to-date: /home/pavel/jetbot_orgon_ws/src/install/aruco_msgs/include/aruco_msgs/aruco_msgs/msg/detail/aruco_marker__type_support.h
[1.502s] -- Up-to-date: /home/pavel/jetbot_orgon_ws/src/install/aruco_msgs/include/aruco_msgs/aruco_msgs/msg/detail/aruco_markers__struct.h
[1.502s] -- Up-to-date: /home/pavel/jetbot_orgon_ws/src/install/aruco_msgs/include/aruco_msgs/aruco_msgs/msg/detail/aruco_markers__type_support.h
[1.503s] -- Up-to-date: /home/pavel/jetbot_orgon_ws/src/install/aruco_msgs/include/aruco_msgs/aruco_msgs/msg/detail/aruco_marker__functions.h
[1.503s] -- Up-to-date: /home/pavel/jetbot_orgon_ws/src/install/aruco_msgs/include/aruco_msgs/aruco_msgs/msg/detail/aruco_marker__type_support.c
[1.503s] -- Up-to-date: /home/pavel/jetbot_orgon_ws/src/install/aruco_msgs/include/aruco_msgs/aruco_msgs/msg/detail/aruco_marker__struct.h
[1.503s] -- Up-to-date: /home/pavel/jetbot_orgon_ws/src/install/aruco_msgs/include/aruco_msgs/aruco_msgs/msg/detail/aruco_markers__type_support.c
[1.504s] -- Up-to-date: /home/pavel/jetbot_orgon_ws/src/install/aruco_msgs/include/aruco_msgs/aruco_msgs/msg/detail/aruco_markers__description.c
[1.505s] -- Up-to-date: /home/pavel/jetbot_orgon_ws/src/install/aruco_msgs/include/aruco_msgs/aruco_msgs/msg/detail/aruco_marker__description.c
[1.505s] -- Up-to-date: /home/pavel/jetbot_orgon_ws/src/install/aruco_msgs/include/aruco_msgs/aruco_msgs/msg/detail/aruco_markers__functions.h
[1.505s] -- Up-to-date: /home/pavel/jetbot_orgon_ws/src/install/aruco_msgs/include/aruco_msgs/aruco_msgs/msg/detail/aruco_marker__functions.c
[1.505s] -- Up-to-date: /home/pavel/jetbot_orgon_ws/src/install/aruco_msgs/include/aruco_msgs/aruco_msgs/msg/detail/aruco_markers__functions.c
[1.506s] -- Up-to-date: /home/pavel/jetbot_orgon_ws/src/install/aruco_msgs/include/aruco_msgs/aruco_msgs/msg/aruco_markers.h
[1.506s] -- Up-to-date: /home/pavel/jetbot_orgon_ws/src/install/aruco_msgs/include/aruco_msgs/aruco_msgs/msg/rosidl_generator_c__visibility_control.h
[1.506s] -- Up-to-date: /home/pavel/jetbot_orgon_ws/src/install/aruco_msgs/include/aruco_msgs/aruco_msgs/msg/aruco_marker.h
[1.506s] -- Up-to-date: /home/pavel/jetbot_orgon_ws/src/install/aruco_msgs/share/aruco_msgs/environment/library_path.sh
[1.507s] -- Up-to-date: /home/pavel/jetbot_orgon_ws/src/install/aruco_msgs/share/aruco_msgs/environment/library_path.dsv
[1.513s] -- Up-to-date: /home/pavel/jetbot_orgon_ws/src/install/aruco_msgs/lib/libaruco_msgs__rosidl_generator_c.so
[1.513s] -- Up-to-date: /home/pavel/jetbot_orgon_ws/src/install/aruco_msgs/include/aruco_msgs/aruco_msgs
[1.513s] -- Up-to-date: /home/pavel/jetbot_orgon_ws/src/install/aruco_msgs/include/aruco_msgs/aruco_msgs/msg
[1.513s] -- Up-to-date: /home/pavel/jetbot_orgon_ws/src/install/aruco_msgs/include/aruco_msgs/aruco_msgs/msg/detail
[1.513s] -- Up-to-date: /home/pavel/jetbot_orgon_ws/src/install/aruco_msgs/include/aruco_msgs/aruco_msgs/msg/detail/aruco_markers__rosidl_typesupport_fastrtps_c.h
[1.514s] -- Up-to-date: /home/pavel/jetbot_orgon_ws/src/install/aruco_msgs/include/aruco_msgs/aruco_msgs/msg/detail/aruco_marker__rosidl_typesupport_fastrtps_c.h
[1.514s] -- Up-to-date: /home/pavel/jetbot_orgon_ws/src/install/aruco_msgs/include/aruco_msgs/aruco_msgs/msg/rosidl_typesupport_fastrtps_c__visibility_control.h
[1.515s] -- Up-to-date: /home/pavel/jetbot_orgon_ws/src/install/aruco_msgs/lib/libaruco_msgs__rosidl_typesupport_fastrtps_c.so
[1.515s] -- Up-to-date: /home/pavel/jetbot_orgon_ws/src/install/aruco_msgs/include/aruco_msgs/aruco_msgs
[1.515s] -- Up-to-date: /home/pavel/jetbot_orgon_ws/src/install/aruco_msgs/include/aruco_msgs/aruco_msgs/msg
[1.515s] -- Up-to-date: /home/pavel/jetbot_orgon_ws/src/install/aruco_msgs/include/aruco_msgs/aruco_msgs/msg/detail
[1.515s] -- Up-to-date: /home/pavel/jetbot_orgon_ws/src/install/aruco_msgs/include/aruco_msgs/aruco_msgs/msg/detail/aruco_marker__type_support.c
[1.515s] -- Up-to-date: /home/pavel/jetbot_orgon_ws/src/install/aruco_msgs/include/aruco_msgs/aruco_msgs/msg/detail/aruco_markers__rosidl_typesupport_introspection_c.h
[1.516s] -- Up-to-date: /home/pavel/jetbot_orgon_ws/src/install/aruco_msgs/include/aruco_msgs/aruco_msgs/msg/detail/aruco_markers__type_support.c
[1.516s] -- Up-to-date: /home/pavel/jetbot_orgon_ws/src/install/aruco_msgs/include/aruco_msgs/aruco_msgs/msg/detail/aruco_marker__rosidl_typesupport_introspection_c.h
[1.516s] -- Up-to-date: /home/pavel/jetbot_orgon_ws/src/install/aruco_msgs/include/aruco_msgs/aruco_msgs/msg/rosidl_typesupport_introspection_c__visibility_control.h
[1.516s] -- Up-to-date: /home/pavel/jetbot_orgon_ws/src/install/aruco_msgs/lib/libaruco_msgs__rosidl_typesupport_introspection_c.so
[1.517s] -- Up-to-date: /home/pavel/jetbot_orgon_ws/src/install/aruco_msgs/lib/libaruco_msgs__rosidl_typesupport_c.so
[1.517s] -- Up-to-date: /home/pavel/jetbot_orgon_ws/src/install/aruco_msgs/include/aruco_msgs/aruco_msgs
[1.517s] -- Up-to-date: /home/pavel/jetbot_orgon_ws/src/install/aruco_msgs/include/aruco_msgs/aruco_msgs/msg
[1.517s] -- Up-to-date: /home/pavel/jetbot_orgon_ws/src/install/aruco_msgs/include/aruco_msgs/aruco_msgs/msg/detail
[1.517s] -- Up-to-date: /home/pavel/jetbot_orgon_ws/src/install/aruco_msgs/include/aruco_msgs/aruco_msgs/msg/detail/aruco_markers__struct.hpp
[1.517s] -- Up-to-date: /home/pavel/jetbot_orgon_ws/src/install/aruco_msgs/include/aruco_msgs/aruco_msgs/msg/detail/aruco_marker__traits.hpp
[1.517s] -- Up-to-date: /home/pavel/jetbot_orgon_ws/src/install/aruco_msgs/include/aruco_msgs/aruco_msgs/msg/detail/aruco_markers__builder.hpp
[1.518s] -- Up-to-date: /home/pavel/jetbot_orgon_ws/src/install/aruco_msgs/include/aruco_msgs/aruco_msgs/msg/detail/aruco_marker__struct.hpp
[1.518s] -- Up-to-date: /home/pavel/jetbot_orgon_ws/src/install/aruco_msgs/include/aruco_msgs/aruco_msgs/msg/detail/aruco_markers__traits.hpp
[1.518s] -- Up-to-date: /home/pavel/jetbot_orgon_ws/src/install/aruco_msgs/include/aruco_msgs/aruco_msgs/msg/detail/aruco_markers__type_support.hpp
[1.518s] -- Up-to-date: /home/pavel/jetbot_orgon_ws/src/install/aruco_msgs/include/aruco_msgs/aruco_msgs/msg/detail/aruco_marker__type_support.hpp
[1.518s] -- Up-to-date: /home/pavel/jetbot_orgon_ws/src/install/aruco_msgs/include/aruco_msgs/aruco_msgs/msg/detail/aruco_marker__builder.hpp
[1.518s] -- Up-to-date: /home/pavel/jetbot_orgon_ws/src/install/aruco_msgs/include/aruco_msgs/aruco_msgs/msg/aruco_marker.hpp
[1.518s] -- Up-to-date: /home/pavel/jetbot_orgon_ws/src/install/aruco_msgs/include/aruco_msgs/aruco_msgs/msg/rosidl_generator_cpp__visibility_control.hpp
[1.518s] -- Up-to-date: /home/pavel/jetbot_orgon_ws/src/install/aruco_msgs/include/aruco_msgs/aruco_msgs/msg/aruco_markers.hpp
[1.518s] -- Up-to-date: /home/pavel/jetbot_orgon_ws/src/install/aruco_msgs/include/aruco_msgs/aruco_msgs
[1.518s] -- Up-to-date: /home/pavel/jetbot_orgon_ws/src/install/aruco_msgs/include/aruco_msgs/aruco_msgs/msg
[1.519s] -- Up-to-date: /home/pavel/jetbot_orgon_ws/src/install/aruco_msgs/include/aruco_msgs/aruco_msgs/msg/detail
[1.519s] -- Up-to-date: /home/pavel/jetbot_orgon_ws/src/install/aruco_msgs/include/aruco_msgs/aruco_msgs/msg/detail/aruco_marker__rosidl_typesupport_fastrtps_cpp.hpp
[1.519s] -- Up-to-date: /home/pavel/jetbot_orgon_ws/src/install/aruco_msgs/include/aruco_msgs/aruco_msgs/msg/detail/dds_fastrtps
[1.519s] -- Up-to-date: /home/pavel/jetbot_orgon_ws/src/install/aruco_msgs/include/aruco_msgs/aruco_msgs/msg/detail/aruco_markers__rosidl_typesupport_fastrtps_cpp.hpp
[1.519s] -- Up-to-date: /home/pavel/jetbot_orgon_ws/src/install/aruco_msgs/include/aruco_msgs/aruco_msgs/msg/rosidl_typesupport_fastrtps_cpp__visibility_control.h
[1.519s] -- Up-to-date: /home/pavel/jetbot_orgon_ws/src/install/aruco_msgs/lib/libaruco_msgs__rosidl_typesupport_fastrtps_cpp.so
[1.519s] -- Up-to-date: /home/pavel/jetbot_orgon_ws/src/install/aruco_msgs/include/aruco_msgs/aruco_msgs
[1.519s] -- Up-to-date: /home/pavel/jetbot_orgon_ws/src/install/aruco_msgs/include/aruco_msgs/aruco_msgs/msg
[1.519s] -- Up-to-date: /home/pavel/jetbot_orgon_ws/src/install/aruco_msgs/include/aruco_msgs/aruco_msgs/msg/detail
[1.519s] -- Up-to-date: /home/pavel/jetbot_orgon_ws/src/install/aruco_msgs/include/aruco_msgs/aruco_msgs/msg/detail/aruco_markers__rosidl_typesupport_introspection_cpp.hpp
[1.519s] -- Up-to-date: /home/pavel/jetbot_orgon_ws/src/install/aruco_msgs/include/aruco_msgs/aruco_msgs/msg/detail/aruco_marker__type_support.cpp
[1.519s] -- Up-to-date: /home/pavel/jetbot_orgon_ws/src/install/aruco_msgs/include/aruco_msgs/aruco_msgs/msg/detail/aruco_marker__rosidl_typesupport_introspection_cpp.hpp
[1.519s] -- Up-to-date: /home/pavel/jetbot_orgon_ws/src/install/aruco_msgs/include/aruco_msgs/aruco_msgs/msg/detail/aruco_markers__type_support.cpp
[1.519s] -- Up-to-date: /home/pavel/jetbot_orgon_ws/src/install/aruco_msgs/lib/libaruco_msgs__rosidl_typesupport_introspection_cpp.so
[1.519s] -- Up-to-date: /home/pavel/jetbot_orgon_ws/src/install/aruco_msgs/lib/libaruco_msgs__rosidl_typesupport_cpp.so
[1.519s] -- Up-to-date: /home/pavel/jetbot_orgon_ws/src/install/aruco_msgs/share/aruco_msgs/environment/pythonpath.sh
[1.519s] -- Up-to-date: /home/pavel/jetbot_orgon_ws/src/install/aruco_msgs/share/aruco_msgs/environment/pythonpath.dsv
[1.520s] -- Up-to-date: /home/pavel/jetbot_orgon_ws/src/install/aruco_msgs/lib/python3.12/site-packages/aruco_msgs-0.0.1-py3.12.egg-info
[1.520s] -- Installing: /home/pavel/jetbot_orgon_ws/src/install/aruco_msgs/lib/python3.12/site-packages/aruco_msgs-0.0.1-py3.12.egg-info/PKG-INFO
[1.520s] -- Installing: /home/pavel/jetbot_orgon_ws/src/install/aruco_msgs/lib/python3.12/site-packages/aruco_msgs-0.0.1-py3.12.egg-info/top_level.txt
[1.520s] -- Installing: /home/pavel/jetbot_orgon_ws/src/install/aruco_msgs/lib/python3.12/site-packages/aruco_msgs-0.0.1-py3.12.egg-info/SOURCES.txt
[1.520s] -- Installing: /home/pavel/jetbot_orgon_ws/src/install/aruco_msgs/lib/python3.12/site-packages/aruco_msgs-0.0.1-py3.12.egg-info/dependency_links.txt
[1.520s] -- Up-to-date: /home/pavel/jetbot_orgon_ws/src/install/aruco_msgs/lib/python3.12/site-packages/aruco_msgs
[1.520s] -- Up-to-date: /home/pavel/jetbot_orgon_ws/src/install/aruco_msgs/lib/python3.12/site-packages/aruco_msgs/_aruco_msgs_s.ep.rosidl_typesupport_c.c
[1.520s] -- Up-to-date: /home/pavel/jetbot_orgon_ws/src/install/aruco_msgs/lib/python3.12/site-packages/aruco_msgs/aruco_msgs_s__rosidl_typesupport_c.so
[1.520s] -- Up-to-date: /home/pavel/jetbot_orgon_ws/src/install/aruco_msgs/lib/python3.12/site-packages/aruco_msgs/_aruco_msgs_s.ep.rosidl_typesupport_fastrtps_c.c
[1.520s] -- Up-to-date: /home/pavel/jetbot_orgon_ws/src/install/aruco_msgs/lib/python3.12/site-packages/aruco_msgs/_aruco_msgs_s.ep.rosidl_typesupport_introspection_c.c
[1.520s] -- Up-to-date: /home/pavel/jetbot_orgon_ws/src/install/aruco_msgs/lib/python3.12/site-packages/aruco_msgs/__init__.py
[1.520s] -- Up-to-date: /home/pavel/jetbot_orgon_ws/src/install/aruco_msgs/lib/python3.12/site-packages/aruco_msgs/aruco_msgs_s__rosidl_typesupport_fastrtps_c.so
[1.520s] -- Up-to-date: /home/pavel/jetbot_orgon_ws/src/install/aruco_msgs/lib/python3.12/site-packages/aruco_msgs/aruco_msgs_s__rosidl_typesupport_introspection_c.so
[1.520s] -- Up-to-date: /home/pavel/jetbot_orgon_ws/src/install/aruco_msgs/lib/python3.12/site-packages/aruco_msgs/msg
[1.520s] -- Up-to-date: /home/pavel/jetbot_orgon_ws/src/install/aruco_msgs/lib/python3.12/site-packages/aruco_msgs/msg/_aruco_markers.py
[1.520s] -- Up-to-date: /home/pavel/jetbot_orgon_ws/src/install/aruco_msgs/lib/python3.12/site-packages/aruco_msgs/msg/_aruco_marker_s.c
[1.521s] -- Up-to-date: /home/pavel/jetbot_orgon_ws/src/install/aruco_msgs/lib/python3.12/site-packages/aruco_msgs/msg/_aruco_markers_s.c
[1.521s] -- Up-to-date: /home/pavel/jetbot_orgon_ws/src/install/aruco_msgs/lib/python3.12/site-packages/aruco_msgs/msg/__init__.py
[1.521s] -- Up-to-date: /home/pavel/jetbot_orgon_ws/src/install/aruco_msgs/lib/python3.12/site-packages/aruco_msgs/msg/_aruco_marker.py
[1.554s] Listing '/home/pavel/jetbot_orgon_ws/src/install/aruco_msgs/lib/python3.12/site-packages/aruco_msgs'...
[1.555s] Listing '/home/pavel/jetbot_orgon_ws/src/install/aruco_msgs/lib/python3.12/site-packages/aruco_msgs/msg'...
[1.560s] -- Up-to-date: /home/pavel/jetbot_orgon_ws/src/install/aruco_msgs/lib/python3.12/site-packages/aruco_msgs/aruco_msgs_s__rosidl_typesupport_fastrtps_c.so
[1.561s] -- Up-to-date: /home/pavel/jetbot_orgon_ws/src/install/aruco_msgs/lib/python3.12/site-packages/aruco_msgs/aruco_msgs_s__rosidl_typesupport_introspection_c.so
[1.561s] -- Up-to-date: /home/pavel/jetbot_orgon_ws/src/install/aruco_msgs/lib/python3.12/site-packages/aruco_msgs/aruco_msgs_s__rosidl_typesupport_c.so
[1.561s] -- Up-to-date: /home/pavel/jetbot_orgon_ws/src/install/aruco_msgs/lib/libaruco_msgs__rosidl_generator_py.so
[1.562s] -- Up-to-date: /home/pavel/jetbot_orgon_ws/src/install/aruco_msgs/share/aruco_msgs/msg/ArucoMarker.idl
[1.562s] -- Up-to-date: /home/pavel/jetbot_orgon_ws/src/install/aruco_msgs/share/aruco_msgs/msg/ArucoMarkers.idl
[1.562s] -- Up-to-date: /home/pavel/jetbot_orgon_ws/src/install/aruco_msgs/share/aruco_msgs/msg/ArucoMarker.msg
[1.562s] -- Up-to-date: /home/pavel/jetbot_orgon_ws/src/install/aruco_msgs/share/aruco_msgs/msg/ArucoMarkers.msg
[1.562s] -- Up-to-date: /home/pavel/jetbot_orgon_ws/src/install/aruco_msgs/share/ament_index/resource_index/package_run_dependencies/aruco_msgs
[1.562s] -- Up-to-date: /home/pavel/jetbot_orgon_ws/src/install/aruco_msgs/share/ament_index/resource_index/parent_prefix_path/aruco_msgs
[1.562s] -- Up-to-date: /home/pavel/jetbot_orgon_ws/src/install/aruco_msgs/share/aruco_msgs/environment/ament_prefix_path.sh
[1.562s] -- Up-to-date: /home/pavel/jetbot_orgon_ws/src/install/aruco_msgs/share/aruco_msgs/environment/ament_prefix_path.dsv
[1.563s] -- Up-to-date: /home/pavel/jetbot_orgon_ws/src/install/aruco_msgs/share/aruco_msgs/environment/path.sh
[1.563s] -- Up-to-date: /home/pavel/jetbot_orgon_ws/src/install/aruco_msgs/share/aruco_msgs/environment/path.dsv
[1.563s] -- Up-to-date: /home/pavel/jetbot_orgon_ws/src/install/aruco_msgs/share/aruco_msgs/local_setup.bash
[1.563s] -- Up-to-date: /home/pavel/jetbot_orgon_ws/src/install/aruco_msgs/share/aruco_msgs/local_setup.sh
[1.563s] -- Up-to-date: /home/pavel/jetbot_orgon_ws/src/install/aruco_msgs/share/aruco_msgs/local_setup.zsh
[1.563s] -- Up-to-date: /home/pavel/jetbot_orgon_ws/src/install/aruco_msgs/share/aruco_msgs/local_setup.dsv
[1.563s] -- Installing: /home/pavel/jetbot_orgon_ws/src/install/aruco_msgs/share/aruco_msgs/package.dsv
[1.563s] -- Up-to-date: /home/pavel/jetbot_orgon_ws/src/install/aruco_msgs/share/ament_index/resource_index/packages/aruco_msgs
[1.563s] -- Up-to-date: /home/pavel/jetbot_orgon_ws/src/install/aruco_msgs/share/aruco_msgs/cmake/export_aruco_msgs__rosidl_generator_cExport.cmake
[1.564s] -- Up-to-date: /home/pavel/jetbot_orgon_ws/src/install/aruco_msgs/share/aruco_msgs/cmake/export_aruco_msgs__rosidl_generator_cExport-noconfig.cmake
[1.564s] -- Up-to-date: /home/pavel/jetbot_orgon_ws/src/install/aruco_msgs/share/aruco_msgs/cmake/export_aruco_msgs__rosidl_typesupport_fastrtps_cExport.cmake
[1.564s] -- Up-to-date: /home/pavel/jetbot_orgon_ws/src/install/aruco_msgs/share/aruco_msgs/cmake/export_aruco_msgs__rosidl_typesupport_fastrtps_cExport-noconfig.cmake
[1.564s] -- Up-to-date: /home/pavel/jetbot_orgon_ws/src/install/aruco_msgs/share/aruco_msgs/cmake/aruco_msgs__rosidl_typesupport_introspection_cExport.cmake
[1.564s] -- Up-to-date: /home/pavel/jetbot_orgon_ws/src/install/aruco_msgs/share/aruco_msgs/cmake/aruco_msgs__rosidl_typesupport_introspection_cExport-noconfig.cmake
[1.564s] -- Up-to-date: /home/pavel/jetbot_orgon_ws/src/install/aruco_msgs/share/aruco_msgs/cmake/aruco_msgs__rosidl_typesupport_cExport.cmake
[1.564s] -- Up-to-date: /home/pavel/jetbot_orgon_ws/src/install/aruco_msgs/share/aruco_msgs/cmake/aruco_msgs__rosidl_typesupport_cExport-noconfig.cmake
[1.564s] -- Up-to-date: /home/pavel/jetbot_orgon_ws/src/install/aruco_msgs/share/aruco_msgs/cmake/export_aruco_msgs__rosidl_generator_cppExport.cmake
[1.564s] -- Up-to-date: /home/pavel/jetbot_orgon_ws/src/install/aruco_msgs/share/aruco_msgs/cmake/export_aruco_msgs__rosidl_typesupport_fastrtps_cppExport.cmake
[1.565s] -- Up-to-date: /home/pavel/jetbot_orgon_ws/src/install/aruco_msgs/share/aruco_msgs/cmake/export_aruco_msgs__rosidl_typesupport_fastrtps_cppExport-noconfig.cmake
[1.565s] -- Up-to-date: /home/pavel/jetbot_orgon_ws/src/install/aruco_msgs/share/aruco_msgs/cmake/aruco_msgs__rosidl_typesupport_introspection_cppExport.cmake
[1.565s] -- Up-to-date: /home/pavel/jetbot_orgon_ws/src/install/aruco_msgs/share/aruco_msgs/cmake/aruco_msgs__rosidl_typesupport_introspection_cppExport-noconfig.cmake
[1.565s] -- Up-to-date: /home/pavel/jetbot_orgon_ws/src/install/aruco_msgs/share/aruco_msgs/cmake/aruco_msgs__rosidl_typesupport_cppExport.cmake
[1.565s] -- Up-to-date: /home/pavel/jetbot_orgon_ws/src/install/aruco_msgs/share/aruco_msgs/cmake/aruco_msgs__rosidl_typesupport_cppExport-noconfig.cmake
[1.565s] -- Up-to-date: /home/pavel/jetbot_orgon_ws/src/install/aruco_msgs/share/aruco_msgs/cmake/export_aruco_msgs__rosidl_generator_pyExport.cmake
[1.565s] -- Up-to-date: /home/pavel/jetbot_orgon_ws/src/install/aruco_msgs/share/aruco_msgs/cmake/export_aruco_msgs__rosidl_generator_pyExport-noconfig.cmake
[1.565s] -- Up-to-date: /home/pavel/jetbot_orgon_ws/src/install/aruco_msgs/share/aruco_msgs/cmake/rosidl_cmake-extras.cmake
[1.565s] -- Up-to-date: /home/pavel/jetbot_orgon_ws/src/install/aruco_msgs/share/aruco_msgs/cmake/ament_cmake_export_dependencies-extras.cmake
[1.565s] -- Up-to-date: /home/pavel/jetbot_orgon_ws/src/install/aruco_msgs/share/aruco_msgs/cmake/ament_cmake_export_include_directories-extras.cmake
[1.566s] -- Up-to-date: /home/pavel/jetbot_orgon_ws/src/install/aruco_msgs/share/aruco_msgs/cmake/ament_cmake_export_libraries-extras.cmake
[1.566s] -- Up-to-date: /home/pavel/jetbot_orgon_ws/src/install/aruco_msgs/share/aruco_msgs/cmake/ament_cmake_export_targets-extras.cmake
[1.566s] -- Up-to-date: /home/pavel/jetbot_orgon_ws/src/install/aruco_msgs/share/aruco_msgs/cmake/rosidl_cmake_export_typesupport_targets-extras.cmake
[1.566s] -- Up-to-date: /home/pavel/jetbot_orgon_ws/src/install/aruco_msgs/share/aruco_msgs/cmake/rosidl_cmake_export_typesupport_libraries-extras.cmake
[1.566s] -- Up-to-date: /home/pavel/jetbot_orgon_ws/src/install/aruco_msgs/share/aruco_msgs/cmake/aruco_msgsConfig.cmake
[1.566s] -- Up-to-date: /home/pavel/jetbot_orgon_ws/src/install/aruco_msgs/share/aruco_msgs/cmake/aruco_msgsConfig-version.cmake
[1.566s] -- Up-to-date: /home/pavel/jetbot_orgon_ws/src/install/aruco_msgs/share/aruco_msgs/package.xml
[1.568s] Invoked command in '/home/pavel/jetbot_orgon_ws/src/build/aruco_msgs' returned '0': CMAKE_PREFIX_PATH=${CMAKE_PREFIX_PATH}:/home/pavel/jetbot_orgon_ws/src/install/completed_scripts_jetbot:/home/pavel/jetbot_orgon_ws/src/install/serial_bridge_package:/home/pavel/jetbot_orgon_ws/src/install/realsense_pkg:/home/pavel/jetbot_orgon_ws/src/install/manipulator_control:/home/pavel/jetbot_orgon_ws/src/install/lidar_filter:/home/pavel/jetbot_orgon_ws/src/install/detector:/home/pavel/jetbot_orgon_ws/src/install/camera_driver:/home/pavel/jetbot_orgon_ws/src/install/brain:/home/pavel/jetbot_orgon_ws/src/install/aruco_analyzer:/home/pavel/jetbot_orgon_ws/src/install/aruco_bringup:/home/pavel/jetbot_orgon_ws/install/completed_scripts_jetbot:/home/pavel/jetbot_orgon_ws/install/serial_bridge_package:/home/pavel/jetbot_orgon_ws/install/realsense_pkg:/home/pavel/jetbot_orgon_ws/install/manipulator_control:/home/pavel/jetbot_orgon_ws/install/lidar_filter:/home/pavel/jetbot_orgon_ws/install/detector:/home/pavel/jetbot_orgon_ws/install/camera_driver:/home/pavel/jetbot_orgon_ws/install/aruco_analyzer:/home/pavel/jetbot_orgon_ws/install/aruco_bringup:/opt/ros/jazzy DEBUGINFOD_URLS=https://debuginfod.ubuntu.com /usr/bin/cmake --install /home/pavel/jetbot_orgon_ws/src/build/aruco_msgs
