running egg_info
creating ../build/manipulator_control/manipulator_control.egg-info
writing ../build/manipulator_control/manipulator_control.egg-info/PKG-INFO
writing dependency_links to ../build/manipulator_control/manipulator_control.egg-info/dependency_links.txt
writing entry points to ../build/manipulator_control/manipulator_control.egg-info/entry_points.txt
writing requirements to ../build/manipulator_control/manipulator_control.egg-info/requires.txt
writing top-level names to ../build/manipulator_control/manipulator_control.egg-info/top_level.txt
writing manifest file '../build/manipulator_control/manipulator_control.egg-info/SOURCES.txt'
reading manifest file '../build/manipulator_control/manipulator_control.egg-info/SOURCES.txt'
writing manifest file '../build/manipulator_control/manipulator_control.egg-info/SOURCES.txt'
running build
running build_py
creating /home/pavel/jetbot_orgon_ws/src/build/manipulator_control/build
creating /home/pavel/jetbot_orgon_ws/src/build/manipulator_control/build/lib
creating /home/pavel/jetbot_orgon_ws/src/build/manipulator_control/build/lib/manipulator_control
copying manipulator_control/__init__.py -> /home/pavel/jetbot_orgon_ws/src/build/manipulator_control/build/lib/manipulator_control
copying manipulator_control/scara_ik_planner.py -> /home/pavel/jetbot_orgon_ws/src/build/manipulator_control/build/lib/manipulator_control
copying manipulator_control/scara_teleop_gui.py -> /home/pavel/jetbot_orgon_ws/src/build/manipulator_control/build/lib/manipulator_control
running install
running install_lib
creating /home/pavel/jetbot_orgon_ws/src/install/manipulator_control/lib/python3.12/site-packages/manipulator_control
copying /home/pavel/jetbot_orgon_ws/src/build/manipulator_control/build/lib/manipulator_control/__init__.py -> /home/pavel/jetbot_orgon_ws/src/install/manipulator_control/lib/python3.12/site-packages/manipulator_control
copying /home/pavel/jetbot_orgon_ws/src/build/manipulator_control/build/lib/manipulator_control/scara_ik_planner.py -> /home/pavel/jetbot_orgon_ws/src/install/manipulator_control/lib/python3.12/site-packages/manipulator_control
copying /home/pavel/jetbot_orgon_ws/src/build/manipulator_control/build/lib/manipulator_control/scara_teleop_gui.py -> /home/pavel/jetbot_orgon_ws/src/install/manipulator_control/lib/python3.12/site-packages/manipulator_control
byte-compiling /home/pavel/jetbot_orgon_ws/src/install/manipulator_control/lib/python3.12/site-packages/manipulator_control/__init__.py to __init__.cpython-312.pyc
byte-compiling /home/pavel/jetbot_orgon_ws/src/install/manipulator_control/lib/python3.12/site-packages/manipulator_control/scara_ik_planner.py to scara_ik_planner.cpython-312.pyc
byte-compiling /home/pavel/jetbot_orgon_ws/src/install/manipulator_control/lib/python3.12/site-packages/manipulator_control/scara_teleop_gui.py to scara_teleop_gui.cpython-312.pyc
running install_data
creating /home/pavel/jetbot_orgon_ws/src/install/manipulator_control/share/ament_index
creating /home/pavel/jetbot_orgon_ws/src/install/manipulator_control/share/ament_index/resource_index
creating /home/pavel/jetbot_orgon_ws/src/install/manipulator_control/share/ament_index/resource_index/packages
copying resource/manipulator_control -> /home/pavel/jetbot_orgon_ws/src/install/manipulator_control/share/ament_index/resource_index/packages
copying package.xml -> /home/pavel/jetbot_orgon_ws/src/install/manipulator_control/share/manipulator_control
creating /home/pavel/jetbot_orgon_ws/src/install/manipulator_control/share/manipulator_control/launch
copying launch/manipulator.launch.py -> /home/pavel/jetbot_orgon_ws/src/install/manipulator_control/share/manipulator_control/launch
running install_egg_info
Copying ../build/manipulator_control/manipulator_control.egg-info to /home/pavel/jetbot_orgon_ws/src/install/manipulator_control/lib/python3.12/site-packages/manipulator_control-0.0.0-py3.12.egg-info
running install_scripts
Installing scara_ik_planner script to /home/pavel/jetbot_orgon_ws/src/install/manipulator_control/lib/manipulator_control
Installing scara_teleop_gui script to /home/pavel/jetbot_orgon_ws/src/install/manipulator_control/lib/manipulator_control
writing list of installed files to '/home/pavel/jetbot_orgon_ws/src/build/manipulator_control/install.log'
