running egg_info
writing ../build/brain/brain.egg-info/PKG-INFO
writing dependency_links to ../build/brain/brain.egg-info/dependency_links.txt
writing entry points to ../build/brain/brain.egg-info/entry_points.txt
writing requirements to ../build/brain/brain.egg-info/requires.txt
writing top-level names to ../build/brain/brain.egg-info/top_level.txt
reading manifest file '../build/brain/brain.egg-info/SOURCES.txt'
writing manifest file '../build/brain/brain.egg-info/SOURCES.txt'
running build
running build_py
copying brain/brain_node.py -> /home/pavel/jetbot_orgon_ws/src/build/brain/build/lib/brain
running install
running install_lib
copying /home/pavel/jetbot_orgon_ws/src/build/brain/build/lib/brain/brain_node.py -> /home/pavel/jetbot_orgon_ws/src/install/brain/lib/python3.12/site-packages/brain
byte-compiling /home/pavel/jetbot_orgon_ws/src/install/brain/lib/python3.12/site-packages/brain/brain_node.py to brain_node.cpython-312.pyc
running install_data
running install_egg_info
removing '/home/pavel/jetbot_orgon_ws/src/install/brain/lib/python3.12/site-packages/brain-0.0.0-py3.12.egg-info' (and everything under it)
Copying ../build/brain/brain.egg-info to /home/pavel/jetbot_orgon_ws/src/install/brain/lib/python3.12/site-packages/brain-0.0.0-py3.12.egg-info
running install_scripts
Installing brain script to /home/pavel/jetbot_orgon_ws/src/install/brain/lib/brain
writing list of installed files to '/home/pavel/jetbot_orgon_ws/src/build/brain/install.log'
