[2.020s] Invoking command in '/home/pavel/jetbot_orgon_ws/src/brain': DEBUGINFOD_URLS=https://debuginfod.ubuntu.com PYTHONPATH=/home/pavel/jetbot_orgon_ws/src/build/brain/prefix_override:/usr/lib/python3/dist-packages/colcon_core/task/python/colcon_distutils_commands:/home/pavel/jetbot_orgon_ws/src/install/brain/lib/python3.12/site-packages:${PYTHONPATH} /usr/bin/python3 -W ignore:setup.py install is deprecated -W ignore:easy_install command is deprecated setup.py egg_info --egg-base ../build/brain build --build-base /home/pavel/jetbot_orgon_ws/src/build/brain/build install --record /home/pavel/jetbot_orgon_ws/src/build/brain/install.log --single-version-externally-managed install_data
[2.263s] running egg_info
[2.280s] writing ../build/brain/brain.egg-info/PKG-INFO
[2.280s] writing dependency_links to ../build/brain/brain.egg-info/dependency_links.txt
[2.280s] writing entry points to ../build/brain/brain.egg-info/entry_points.txt
[2.280s] writing requirements to ../build/brain/brain.egg-info/requires.txt
[2.280s] writing top-level names to ../build/brain/brain.egg-info/top_level.txt
[2.314s] reading manifest file '../build/brain/brain.egg-info/SOURCES.txt'
[2.315s] writing manifest file '../build/brain/brain.egg-info/SOURCES.txt'
[2.315s] running build
[2.315s] running build_py
[2.315s] copying brain/brain_node.py -> /home/pavel/jetbot_orgon_ws/src/build/brain/build/lib/brain
[2.316s] running install
[2.321s] running install_lib
[2.338s] copying /home/pavel/jetbot_orgon_ws/src/build/brain/build/lib/brain/brain_node.py -> /home/pavel/jetbot_orgon_ws/src/install/brain/lib/python3.12/site-packages/brain
[2.338s] byte-compiling /home/pavel/jetbot_orgon_ws/src/install/brain/lib/python3.12/site-packages/brain/brain_node.py to brain_node.cpython-312.pyc
[2.340s] running install_data
[2.340s] running install_egg_info
[2.358s] removing '/home/pavel/jetbot_orgon_ws/src/install/brain/lib/python3.12/site-packages/brain-0.0.0-py3.12.egg-info' (and everything under it)
[2.358s] Copying ../build/brain/brain.egg-info to /home/pavel/jetbot_orgon_ws/src/install/brain/lib/python3.12/site-packages/brain-0.0.0-py3.12.egg-info
[2.359s] running install_scripts
[2.484s] Installing brain script to /home/pavel/jetbot_orgon_ws/src/install/brain/lib/brain
[2.485s] writing list of installed files to '/home/pavel/jetbot_orgon_ws/src/build/brain/install.log'
[2.547s] Invoked command in '/home/pavel/jetbot_orgon_ws/src/brain' returned '0': DEBUGINFOD_URLS=https://debuginfod.ubuntu.com PYTHONPATH=/home/pavel/jetbot_orgon_ws/src/build/brain/prefix_override:/usr/lib/python3/dist-packages/colcon_core/task/python/colcon_distutils_commands:/home/pavel/jetbot_orgon_ws/src/install/brain/lib/python3.12/site-packages:${PYTHONPATH} /usr/bin/python3 -W ignore:setup.py install is deprecated -W ignore:easy_install command is deprecated setup.py egg_info --egg-base ../build/brain build --build-base /home/pavel/jetbot_orgon_ws/src/build/brain/build install --record /home/pavel/jetbot_orgon_ws/src/build/brain/install.log --single-version-externally-managed install_data
