/home/pavel/jetbot_orgon_ws/src/install/serial_bridge_package/lib/python3.12/site-packages/serial_bridge_package/__init__.py
/home/pavel/jetbot_orgon_ws/src/install/serial_bridge_package/lib/python3.12/site-packages/serial_bridge_package/serial_bridge_node.py
/home/pavel/jetbot_orgon_ws/src/install/serial_bridge_package/lib/python3.12/site-packages/serial_bridge_package/feedback_processor.py
/home/pavel/jetbot_orgon_ws/src/install/serial_bridge_package/lib/python3.12/site-packages/serial_bridge_package/twist_to_command.py
/home/pavel/jetbot_orgon_ws/src/install/serial_bridge_package/lib/python3.12/site-packages/serial_bridge_package/__pycache__/__init__.cpython-312.pyc
/home/pavel/jetbot_orgon_ws/src/install/serial_bridge_package/lib/python3.12/site-packages/serial_bridge_package/__pycache__/serial_bridge_node.cpython-312.pyc
/home/pavel/jetbot_orgon_ws/src/install/serial_bridge_package/lib/python3.12/site-packages/serial_bridge_package/__pycache__/feedback_processor.cpython-312.pyc
/home/pavel/jetbot_orgon_ws/src/install/serial_bridge_package/lib/python3.12/site-packages/serial_bridge_package/__pycache__/twist_to_command.cpython-312.pyc
/home/pavel/jetbot_orgon_ws/src/install/serial_bridge_package/share/ament_index/resource_index/packages/serial_bridge_package
/home/pavel/jetbot_orgon_ws/src/install/serial_bridge_package/share/serial_bridge_package/package.xml
/home/pavel/jetbot_orgon_ws/src/install/serial_bridge_package/share/serial_bridge_package/launch/serial_bringup.launch.py
/home/pavel/jetbot_orgon_ws/src/install/serial_bridge_package/lib/python3.12/site-packages/serial_bridge_package-1.0.0-py3.12.egg-info/entry_points.txt
/home/pavel/jetbot_orgon_ws/src/install/serial_bridge_package/lib/python3.12/site-packages/serial_bridge_package-1.0.0-py3.12.egg-info/requires.txt
/home/pavel/jetbot_orgon_ws/src/install/serial_bridge_package/lib/python3.12/site-packages/serial_bridge_package-1.0.0-py3.12.egg-info/PKG-INFO
/home/pavel/jetbot_orgon_ws/src/install/serial_bridge_package/lib/python3.12/site-packages/serial_bridge_package-1.0.0-py3.12.egg-info/top_level.txt
/home/pavel/jetbot_orgon_ws/src/install/serial_bridge_package/lib/python3.12/site-packages/serial_bridge_package-1.0.0-py3.12.egg-info/SOURCES.txt
/home/pavel/jetbot_orgon_ws/src/install/serial_bridge_package/lib/python3.12/site-packages/serial_bridge_package-1.0.0-py3.12.egg-info/dependency_links.txt
/home/pavel/jetbot_orgon_ws/src/install/serial_bridge_package/lib/python3.12/site-packages/serial_bridge_package-1.0.0-py3.12.egg-info/zip-safe
/home/pavel/jetbot_orgon_ws/src/install/serial_bridge_package/lib/serial_bridge_package/feedback_processor
/home/pavel/jetbot_orgon_ws/src/install/serial_bridge_package/lib/serial_bridge_package/serial_bridge_node
/home/pavel/jetbot_orgon_ws/src/install/serial_bridge_package/lib/serial_bridge_package/twist_to_command
