[0.704s] Invoking command in '/home/pavel/jetbot_orgon_ws/src/build/jetbot_orgon_description': CMAKE_PREFIX_PATH=${CMAKE_PREFIX_PATH}:/opt/ros/jazzy DEBUGINFOD_URLS=https://debuginfod.ubuntu.com /usr/bin/cmake /home/pavel/jetbot_orgon_ws/src/jetbot_orgon_description -DCMAKE_INSTALL_PREFIX=/home/pavel/jetbot_orgon_ws/src/install/jetbot_orgon_description
[0.877s] -- The C compiler identification is GNU 13.3.0
[0.877s] -- The CXX compiler identification is GNU 13.3.0
[0.877s] -- Detecting C compiler ABI info
[0.888s] -- Detecting C compiler ABI info - done
[0.896s] -- Check for working C compiler: /usr/bin/cc - skipped
[0.896s] -- Detecting C compile features
[0.896s] -- Detecting C compile features - done
[0.904s] -- Detecting CXX compiler ABI info
[0.991s] -- Detecting CXX compiler ABI info - done
[0.998s] -- Check for working CXX compiler: /usr/bin/c++ - skipped
[0.999s] -- Detecting CXX compile features
[0.999s] -- Detecting CXX compile features - done
[1.002s] -- Found ament_cmake: 2.5.5 (/opt/ros/jazzy/share/ament_cmake/cmake)
[1.150s] -- Found Python3: /usr/bin/python3 (found version "3.12.3") found components: Interpreter 
[1.260s] -- Found ament_lint_auto: 0.17.4 (/opt/ros/jazzy/share/ament_lint_auto/cmake)
[1.381s] -- Added test 'flake8' to check Python code syntax and style conventions
[1.381s] -- Configured 'flake8' exclude dirs and/or files: 
[1.382s] -- Added test 'lint_cmake' to check CMake code style
[1.382s] -- Added test 'pep257' to check Python code against some of the docstring style conventions in PEP 257
[1.384s] -- Added test 'xmllint' to check XML markup files
[1.386s] -- Configuring done (0.7s)
[1.391s] -- Generating done (0.0s)
[1.393s] -- Build files have been written to: /home/pavel/jetbot_orgon_ws/src/build/jetbot_orgon_description
[1.400s] Invoked command in '/home/pavel/jetbot_orgon_ws/src/build/jetbot_orgon_description' returned '0': CMAKE_PREFIX_PATH=${CMAKE_PREFIX_PATH}:/opt/ros/jazzy DEBUGINFOD_URLS=https://debuginfod.ubuntu.com /usr/bin/cmake /home/pavel/jetbot_orgon_ws/src/jetbot_orgon_description -DCMAKE_INSTALL_PREFIX=/home/pavel/jetbot_orgon_ws/src/install/jetbot_orgon_description
[1.402s] Invoking command in '/home/pavel/jetbot_orgon_ws/src/build/jetbot_orgon_description': CMAKE_PREFIX_PATH=${CMAKE_PREFIX_PATH}:/opt/ros/jazzy DEBUGINFOD_URLS=https://debuginfod.ubuntu.com /usr/bin/cmake --build /home/pavel/jetbot_orgon_ws/src/build/jetbot_orgon_description -- -j16 -l16
[1.442s] Invoked command in '/home/pavel/jetbot_orgon_ws/src/build/jetbot_orgon_description' returned '0': CMAKE_PREFIX_PATH=${CMAKE_PREFIX_PATH}:/opt/ros/jazzy DEBUGINFOD_URLS=https://debuginfod.ubuntu.com /usr/bin/cmake --build /home/pavel/jetbot_orgon_ws/src/build/jetbot_orgon_description -- -j16 -l16
[1.452s] Invoking command in '/home/pavel/jetbot_orgon_ws/src/build/jetbot_orgon_description': CMAKE_PREFIX_PATH=${CMAKE_PREFIX_PATH}:/opt/ros/jazzy DEBUGINFOD_URLS=https://debuginfod.ubuntu.com /usr/bin/cmake --install /home/pavel/jetbot_orgon_ws/src/build/jetbot_orgon_description
[1.459s] -- Install configuration: ""
[1.459s] -- Installing: /home/pavel/jetbot_orgon_ws/src/install/jetbot_orgon_description/share/jetbot_orgon_description/launch
[1.459s] -- Installing: /home/pavel/jetbot_orgon_ws/src/install/jetbot_orgon_description/share/jetbot_orgon_description/launch/display.launch.py
[1.459s] -- Installing: /home/pavel/jetbot_orgon_ws/src/install/jetbot_orgon_description/share/jetbot_orgon_description/launch/description.launch.py
[1.459s] -- Installing: /home/pavel/jetbot_orgon_ws/src/install/jetbot_orgon_description/share/jetbot_orgon_description/urdf
[1.460s] -- Installing: /home/pavel/jetbot_orgon_ws/src/install/jetbot_orgon_description/share/jetbot_orgon_description/urdf/jetbot.urdf.xacro
[1.460s] -- Installing: /home/pavel/jetbot_orgon_ws/src/install/jetbot_orgon_description/share/jetbot_orgon_description/rviz
[1.460s] -- Installing: /home/pavel/jetbot_orgon_ws/src/install/jetbot_orgon_description/share/jetbot_orgon_description/rviz/jetbot.rviz
[1.460s] -- Installing: /home/pavel/jetbot_orgon_ws/src/install/jetbot_orgon_description/lib/jetbot_orgon_description/joint_state_bridge.py
[1.460s] -- Installing: /home/pavel/jetbot_orgon_ws/src/install/jetbot_orgon_description/share/ament_index/resource_index/package_run_dependencies/jetbot_orgon_description
[1.460s] -- Installing: /home/pavel/jetbot_orgon_ws/src/install/jetbot_orgon_description/share/ament_index/resource_index/parent_prefix_path/jetbot_orgon_description
[1.460s] -- Installing: /home/pavel/jetbot_orgon_ws/src/install/jetbot_orgon_description/share/jetbot_orgon_description/environment/ament_prefix_path.sh
[1.460s] -- Installing: /home/pavel/jetbot_orgon_ws/src/install/jetbot_orgon_description/share/jetbot_orgon_description/environment/ament_prefix_path.dsv
[1.461s] -- Installing: /home/pavel/jetbot_orgon_ws/src/install/jetbot_orgon_description/share/jetbot_orgon_description/environment/path.sh
[1.461s] -- Installing: /home/pavel/jetbot_orgon_ws/src/install/jetbot_orgon_description/share/jetbot_orgon_description/environment/path.dsv
[1.461s] -- Installing: /home/pavel/jetbot_orgon_ws/src/install/jetbot_orgon_description/share/jetbot_orgon_description/local_setup.bash
[1.461s] -- Installing: /home/pavel/jetbot_orgon_ws/src/install/jetbot_orgon_description/share/jetbot_orgon_description/local_setup.sh
[1.461s] -- Installing: /home/pavel/jetbot_orgon_ws/src/install/jetbot_orgon_description/share/jetbot_orgon_description/local_setup.zsh
[1.461s] -- Installing: /home/pavel/jetbot_orgon_ws/src/install/jetbot_orgon_description/share/jetbot_orgon_description/local_setup.dsv
[1.461s] -- Installing: /home/pavel/jetbot_orgon_ws/src/install/jetbot_orgon_description/share/jetbot_orgon_description/package.dsv
[1.461s] -- Installing: /home/pavel/jetbot_orgon_ws/src/install/jetbot_orgon_description/share/ament_index/resource_index/packages/jetbot_orgon_description
[1.462s] -- Installing: /home/pavel/jetbot_orgon_ws/src/install/jetbot_orgon_description/share/jetbot_orgon_description/cmake/jetbot_orgon_descriptionConfig.cmake
[1.462s] -- Installing: /home/pavel/jetbot_orgon_ws/src/install/jetbot_orgon_description/share/jetbot_orgon_description/cmake/jetbot_orgon_descriptionConfig-version.cmake
[1.462s] -- Installing: /home/pavel/jetbot_orgon_ws/src/install/jetbot_orgon_description/share/jetbot_orgon_description/package.xml
[1.464s] Invoked command in '/home/pavel/jetbot_orgon_ws/src/build/jetbot_orgon_description' returned '0': CMAKE_PREFIX_PATH=${CMAKE_PREFIX_PATH}:/opt/ros/jazzy DEBUGINFOD_URLS=https://debuginfod.ubuntu.com /usr/bin/cmake --install /home/pavel/jetbot_orgon_ws/src/build/jetbot_orgon_description
