[0.392s] Invoking command in '/home/pavel/jetbot_orgon_ws/src/build/sllidar_ros2': CMAKE_PREFIX_PATH=${CMAKE_PREFIX_PATH}:/home/pavel/jetbot_orgon_ws/install/completed_scripts_jetbot:/home/pavel/jetbot_orgon_ws/install/serial_bridge_package:/home/pavel/jetbot_orgon_ws/install/realsense_pkg:/home/pavel/jetbot_orgon_ws/install/manipulator_control:/home/pavel/jetbot_orgon_ws/install/lidar_filter:/home/pavel/jetbot_orgon_ws/install/detector:/home/pavel/jetbot_orgon_ws/install/camera_driver:/home/pavel/jetbot_orgon_ws/install/aruco_analyzer:/home/pavel/jetbot_orgon_ws/install/aruco_bringup:/opt/ros/jazzy DEBUGINFOD_URLS=https://debuginfod.ubuntu.com /usr/bin/cmake --build /home/pavel/jetbot_orgon_ws/src/build/sllidar_ros2 -- -j16 -l16
[1.224s] [ 10%] Built target sllidar_client
[1.224s] [100%] Built target sllidar_node
[1.384s] Invoked command in '/home/pavel/jetbot_orgon_ws/src/build/sllidar_ros2' returned '0': CMAKE_PREFIX_PATH=${CMAKE_PREFIX_PATH}:/home/pavel/jetbot_orgon_ws/install/completed_scripts_jetbot:/home/pavel/jetbot_orgon_ws/install/serial_bridge_package:/home/pavel/jetbot_orgon_ws/install/realsense_pkg:/home/pavel/jetbot_orgon_ws/install/manipulator_control:/home/pavel/jetbot_orgon_ws/install/lidar_filter:/home/pavel/jetbot_orgon_ws/install/detector:/home/pavel/jetbot_orgon_ws/install/camera_driver:/home/pavel/jetbot_orgon_ws/install/aruco_analyzer:/home/pavel/jetbot_orgon_ws/install/aruco_bringup:/opt/ros/jazzy DEBUGINFOD_URLS=https://debuginfod.ubuntu.com /usr/bin/cmake --build /home/pavel/jetbot_orgon_ws/src/build/sllidar_ros2 -- -j16 -l16
[1.392s] Invoking command in '/home/pavel/jetbot_orgon_ws/src/build/sllidar_ros2': CMAKE_PREFIX_PATH=${CMAKE_PREFIX_PATH}:/home/pavel/jetbot_orgon_ws/install/completed_scripts_jetbot:/home/pavel/jetbot_orgon_ws/install/serial_bridge_package:/home/pavel/jetbot_orgon_ws/install/realsense_pkg:/home/pavel/jetbot_orgon_ws/install/manipulator_control:/home/pavel/jetbot_orgon_ws/install/lidar_filter:/home/pavel/jetbot_orgon_ws/install/detector:/home/pavel/jetbot_orgon_ws/install/camera_driver:/home/pavel/jetbot_orgon_ws/install/aruco_analyzer:/home/pavel/jetbot_orgon_ws/install/aruco_bringup:/opt/ros/jazzy DEBUGINFOD_URLS=https://debuginfod.ubuntu.com /usr/bin/cmake --install /home/pavel/jetbot_orgon_ws/src/build/sllidar_ros2
[1.400s] -- Install configuration: ""
[1.400s] -- Up-to-date: /home/pavel/jetbot_orgon_ws/src/install/sllidar_ros2/share/sllidar_ros2/launch
[1.400s] -- Up-to-date: /home/pavel/jetbot_orgon_ws/src/install/sllidar_ros2/share/sllidar_ros2/launch/view_sllidar_a3_launch.py
[1.400s] -- Up-to-date: /home/pavel/jetbot_orgon_ws/src/install/sllidar_ros2/share/sllidar_ros2/launch/view_sllidar_t1_launch.py
[1.400s] -- Up-to-date: /home/pavel/jetbot_orgon_ws/src/install/sllidar_ros2/share/sllidar_ros2/launch/sllidar_a2m8_launch.py
[1.401s] -- Up-to-date: /home/pavel/jetbot_orgon_ws/src/install/sllidar_ros2/share/sllidar_ros2/launch/sllidar_s3_launch.py
[1.401s] -- Up-to-date: /home/pavel/jetbot_orgon_ws/src/install/sllidar_ros2/share/sllidar_ros2/launch/view_sllidar_c1_launch.py
[1.401s] -- Up-to-date: /home/pavel/jetbot_orgon_ws/src/install/sllidar_ros2/share/sllidar_ros2/launch/sllidar_s2_launch.py
[1.402s] -- Up-to-date: /home/pavel/jetbot_orgon_ws/src/install/sllidar_ros2/share/sllidar_ros2/launch/view_sllidar_s2_launch.py
[1.402s] -- Up-to-date: /home/pavel/jetbot_orgon_ws/src/install/sllidar_ros2/share/sllidar_ros2/launch/view_sllidar_a2m7_launch.py
[1.402s] -- Up-to-date: /home/pavel/jetbot_orgon_ws/src/install/sllidar_ros2/share/sllidar_ros2/launch/sllidar_a2m7_launch.py
[1.402s] -- Up-to-date: /home/pavel/jetbot_orgon_ws/src/install/sllidar_ros2/share/sllidar_ros2/launch/view_sllidar_s2e_launch.py
[1.402s] -- Up-to-date: /home/pavel/jetbot_orgon_ws/src/install/sllidar_ros2/share/sllidar_ros2/launch/view_sllidar_s1_tcp_launch.py
[1.402s] -- Up-to-date: /home/pavel/jetbot_orgon_ws/src/install/sllidar_ros2/share/sllidar_ros2/launch/view_sllidar_s1_launch.py
[1.402s] -- Up-to-date: /home/pavel/jetbot_orgon_ws/src/install/sllidar_ros2/share/sllidar_ros2/launch/sllidar_c1_launch.py
[1.402s] -- Up-to-date: /home/pavel/jetbot_orgon_ws/src/install/sllidar_ros2/share/sllidar_ros2/launch/sllidar_s2e_launch.py
[1.402s] -- Up-to-date: /home/pavel/jetbot_orgon_ws/src/install/sllidar_ros2/share/sllidar_ros2/launch/sllidar_s1_launch.py
[1.402s] -- Up-to-date: /home/pavel/jetbot_orgon_ws/src/install/sllidar_ros2/share/sllidar_ros2/launch/sllidar_t1_launch.py
[1.402s] -- Up-to-date: /home/pavel/jetbot_orgon_ws/src/install/sllidar_ros2/share/sllidar_ros2/launch/view_sllidar_a2m8_launch.py
[1.403s] -- Up-to-date: /home/pavel/jetbot_orgon_ws/src/install/sllidar_ros2/share/sllidar_ros2/launch/view_sllidar_s3_launch.py
[1.403s] -- Up-to-date: /home/pavel/jetbot_orgon_ws/src/install/sllidar_ros2/share/sllidar_ros2/launch/sllidar_a2m12_launch .py
[1.403s] -- Up-to-date: /home/pavel/jetbot_orgon_ws/src/install/sllidar_ros2/share/sllidar_ros2/launch/view_sllidar_a1_launch.py
[1.403s] -- Up-to-date: /home/pavel/jetbot_orgon_ws/src/install/sllidar_ros2/share/sllidar_ros2/launch/sllidar_s1_tcp_launch.py
[1.403s] -- Up-to-date: /home/pavel/jetbot_orgon_ws/src/install/sllidar_ros2/share/sllidar_ros2/launch/sllidar_a1_launch.py
[1.403s] -- Up-to-date: /home/pavel/jetbot_orgon_ws/src/install/sllidar_ros2/share/sllidar_ros2/launch/sllidar_a3_launch.py
[1.403s] -- Up-to-date: /home/pavel/jetbot_orgon_ws/src/install/sllidar_ros2/share/sllidar_ros2/launch/view_sllidar_a2m12_launch.py
[1.403s] -- Up-to-date: /home/pavel/jetbot_orgon_ws/src/install/sllidar_ros2/share/sllidar_ros2/rviz
[1.403s] -- Up-to-date: /home/pavel/jetbot_orgon_ws/src/install/sllidar_ros2/share/sllidar_ros2/rviz/sllidar_ros2.rviz
[1.404s] -- Up-to-date: /home/pavel/jetbot_orgon_ws/src/install/sllidar_ros2/lib/sllidar_ros2/sllidar_node
[1.404s] -- Up-to-date: /home/pavel/jetbot_orgon_ws/src/install/sllidar_ros2/lib/sllidar_ros2/sllidar_client
[1.404s] -- Up-to-date: /home/pavel/jetbot_orgon_ws/src/install/sllidar_ros2/share/ament_index/resource_index/package_run_dependencies/sllidar_ros2
[1.405s] -- Up-to-date: /home/pavel/jetbot_orgon_ws/src/install/sllidar_ros2/share/ament_index/resource_index/parent_prefix_path/sllidar_ros2
[1.405s] -- Up-to-date: /home/pavel/jetbot_orgon_ws/src/install/sllidar_ros2/share/sllidar_ros2/environment/ament_prefix_path.sh
[1.406s] -- Up-to-date: /home/pavel/jetbot_orgon_ws/src/install/sllidar_ros2/share/sllidar_ros2/environment/ament_prefix_path.dsv
[1.406s] -- Up-to-date: /home/pavel/jetbot_orgon_ws/src/install/sllidar_ros2/share/sllidar_ros2/environment/path.sh
[1.406s] -- Up-to-date: /home/pavel/jetbot_orgon_ws/src/install/sllidar_ros2/share/sllidar_ros2/environment/path.dsv
[1.406s] -- Up-to-date: /home/pavel/jetbot_orgon_ws/src/install/sllidar_ros2/share/sllidar_ros2/local_setup.bash
[1.406s] -- Up-to-date: /home/pavel/jetbot_orgon_ws/src/install/sllidar_ros2/share/sllidar_ros2/local_setup.sh
[1.406s] -- Up-to-date: /home/pavel/jetbot_orgon_ws/src/install/sllidar_ros2/share/sllidar_ros2/local_setup.zsh
[1.406s] -- Up-to-date: /home/pavel/jetbot_orgon_ws/src/install/sllidar_ros2/share/sllidar_ros2/local_setup.dsv
[1.406s] -- Installing: /home/pavel/jetbot_orgon_ws/src/install/sllidar_ros2/share/sllidar_ros2/package.dsv
[1.407s] -- Up-to-date: /home/pavel/jetbot_orgon_ws/src/install/sllidar_ros2/share/ament_index/resource_index/packages/sllidar_ros2
[1.407s] -- Up-to-date: /home/pavel/jetbot_orgon_ws/src/install/sllidar_ros2/share/sllidar_ros2/cmake/ament_cmake_export_dependencies-extras.cmake
[1.407s] -- Up-to-date: /home/pavel/jetbot_orgon_ws/src/install/sllidar_ros2/share/sllidar_ros2/cmake/ament_cmake_export_include_directories-extras.cmake
[1.407s] -- Up-to-date: /home/pavel/jetbot_orgon_ws/src/install/sllidar_ros2/share/sllidar_ros2/cmake/sllidar_ros2Config.cmake
[1.407s] -- Up-to-date: /home/pavel/jetbot_orgon_ws/src/install/sllidar_ros2/share/sllidar_ros2/cmake/sllidar_ros2Config-version.cmake
[1.408s] -- Up-to-date: /home/pavel/jetbot_orgon_ws/src/install/sllidar_ros2/share/sllidar_ros2/package.xml
[1.418s] Invoked command in '/home/pavel/jetbot_orgon_ws/src/build/sllidar_ros2' returned '0': CMAKE_PREFIX_PATH=${CMAKE_PREFIX_PATH}:/home/pavel/jetbot_orgon_ws/install/completed_scripts_jetbot:/home/pavel/jetbot_orgon_ws/install/serial_bridge_package:/home/pavel/jetbot_orgon_ws/install/realsense_pkg:/home/pavel/jetbot_orgon_ws/install/manipulator_control:/home/pavel/jetbot_orgon_ws/install/lidar_filter:/home/pavel/jetbot_orgon_ws/install/detector:/home/pavel/jetbot_orgon_ws/install/camera_driver:/home/pavel/jetbot_orgon_ws/install/aruco_analyzer:/home/pavel/jetbot_orgon_ws/install/aruco_bringup:/opt/ros/jazzy DEBUGINFOD_URLS=https://debuginfod.ubuntu.com /usr/bin/cmake --install /home/pavel/jetbot_orgon_ws/src/build/sllidar_ros2
