running egg_info
writing ../build/manipulator_control/manipulator_control.egg-info/PKG-INFO
writing dependency_links to ../build/manipulator_control/manipulator_control.egg-info/dependency_links.txt
writing entry points to ../build/manipulator_control/manipulator_control.egg-info/entry_points.txt
writing requirements to ../build/manipulator_control/manipulator_control.egg-info/requires.txt
writing top-level names to ../build/manipulator_control/manipulator_control.egg-info/top_level.txt
reading manifest file '../build/manipulator_control/manipulator_control.egg-info/SOURCES.txt'
writing manifest file '../build/manipulator_control/manipulator_control.egg-info/SOURCES.txt'
running build
running build_py
running install
running install_lib
running install_data
running install_egg_info
removing '/home/pavel/jetbot_orgon_ws/src/install/manipulator_control/lib/python3.12/site-packages/manipulator_control-0.0.0-py3.12.egg-info' (and everything under it)
Copying ../build/manipulator_control/manipulator_control.egg-info to /home/pavel/jetbot_orgon_ws/src/install/manipulator_control/lib/python3.12/site-packages/manipulator_control-0.0.0-py3.12.egg-info
running install_scripts
Installing scara_ik_planner script to /home/pavel/jetbot_orgon_ws/src/install/manipulator_control/lib/manipulator_control
Installing scara_teleop_gui script to /home/pavel/jetbot_orgon_ws/src/install/manipulator_control/lib/manipulator_control
writing list of installed files to '/home/pavel/jetbot_orgon_ws/src/build/manipulator_control/install.log'
