/usr/lib/python3/dist-packages/setuptools/dist.py:744: SetuptoolsDeprecationWarning: Invalid dash-separated options
!!

        ********************************************************************************
        Usage of dash-separated 'script-dir' will not be supported in future
        versions. Please use the underscore name 'script_dir' instead.

        This deprecation is overdue, please update your project and remove deprecated
        calls to avoid build errors in the future.

        See https://setuptools.pypa.io/en/latest/userguide/declarative_config.html for details.
        ********************************************************************************

!!
  opt = self.warn_dash_deprecation(opt, section)
running egg_info
writing ../build/completed_scripts_jetbot/completed_scripts_jetbot.egg-info/PKG-INFO
writing dependency_links to ../build/completed_scripts_jetbot/completed_scripts_jetbot.egg-info/dependency_links.txt
writing requirements to ../build/completed_scripts_jetbot/completed_scripts_jetbot.egg-info/requires.txt
writing top-level names to ../build/completed_scripts_jetbot/completed_scripts_jetbot.egg-info/top_level.txt
reading manifest file '../build/completed_scripts_jetbot/completed_scripts_jetbot.egg-info/SOURCES.txt'
writing manifest file '../build/completed_scripts_jetbot/completed_scripts_jetbot.egg-info/SOURCES.txt'
running build
running build_py
running install
running install_lib
running install_data
running install_egg_info
removing '/home/pavel/jetbot_orgon_ws/src/install/completed_scripts_jetbot/lib/python3.12/site-packages/completed_scripts_jetbot-1.0.0-py3.12.egg-info' (and everything under it)
Copying ../build/completed_scripts_jetbot/completed_scripts_jetbot.egg-info to /home/pavel/jetbot_orgon_ws/src/install/completed_scripts_jetbot/lib/python3.12/site-packages/completed_scripts_jetbot-1.0.0-py3.12.egg-info
running install_scripts
writing list of installed files to '/home/pavel/jetbot_orgon_ws/src/build/completed_scripts_jetbot/install.log'
