running egg_info
writing ../../build/aruco_analyzer/aruco_analyzer.egg-info/PKG-INFO
writing dependency_links to ../../build/aruco_analyzer/aruco_analyzer.egg-info/dependency_links.txt
writing entry points to ../../build/aruco_analyzer/aruco_analyzer.egg-info/entry_points.txt
writing requirements to ../../build/aruco_analyzer/aruco_analyzer.egg-info/requires.txt
writing top-level names to ../../build/aruco_analyzer/aruco_analyzer.egg-info/top_level.txt
reading manifest file '../../build/aruco_analyzer/aruco_analyzer.egg-info/SOURCES.txt'
adding license file 'LICENSE'
writing manifest file '../../build/aruco_analyzer/aruco_analyzer.egg-info/SOURCES.txt'
running build
running build_py
running install
running install_lib
running install_data
running install_egg_info
removing '/home/pavel/jetbot_orgon_ws/src/install/aruco_analyzer/lib/python3.12/site-packages/aruco_analyzer-0.0.1-py3.12.egg-info' (and everything under it)
Copying ../../build/aruco_analyzer/aruco_analyzer.egg-info to /home/pavel/jetbot_orgon_ws/src/install/aruco_analyzer/lib/python3.12/site-packages/aruco_analyzer-0.0.1-py3.12.egg-info
running install_scripts
Installing aruco_analyzer script to /home/pavel/jetbot_orgon_ws/src/install/aruco_analyzer/lib/aruco_analyzer
writing list of installed files to '/home/pavel/jetbot_orgon_ws/src/build/aruco_analyzer/install.log'
