[2.017s] Invoking command in '/home/pavel/jetbot_orgon_ws/src/realsense_pkg': DEBUGINFOD_URLS=https://debuginfod.ubuntu.com PYTHONPATH=/home/pavel/jetbot_orgon_ws/src/build/realsense_pkg/prefix_override:/usr/lib/python3/dist-packages/colcon_core/task/python/colcon_distutils_commands:/home/pavel/jetbot_orgon_ws/src/install/realsense_pkg/lib/python3.12/site-packages:${PYTHONPATH} /usr/bin/python3 -W ignore:setup.py install is deprecated -W ignore:easy_install command is deprecated setup.py egg_info --egg-base ../build/realsense_pkg build --build-base /home/pavel/jetbot_orgon_ws/src/build/realsense_pkg/build install --record /home/pavel/jetbot_orgon_ws/src/build/realsense_pkg/install.log --single-version-externally-managed install_data
[2.376s] running egg_info
[2.402s] writing ../build/realsense_pkg/realsense_pkg.egg-info/PKG-INFO
[2.402s] writing dependency_links to ../build/realsense_pkg/realsense_pkg.egg-info/dependency_links.txt
[2.402s] writing requirements to ../build/realsense_pkg/realsense_pkg.egg-info/requires.txt
[2.403s] writing top-level names to ../build/realsense_pkg/realsense_pkg.egg-info/top_level.txt
[2.456s] reading manifest file '../build/realsense_pkg/realsense_pkg.egg-info/SOURCES.txt'
[2.456s] adding license file 'LICENSE'
[2.457s] writing manifest file '../build/realsense_pkg/realsense_pkg.egg-info/SOURCES.txt'
[2.457s] running build
[2.457s] running build_py
[2.458s] running install
[2.468s] running install_lib
[2.497s] running install_data
[2.497s] running install_egg_info
[2.523s] removing '/home/pavel/jetbot_orgon_ws/src/install/realsense_pkg/lib/python3.12/site-packages/realsense_pkg-0.0.0-py3.12.egg-info' (and everything under it)
[2.524s] Copying ../build/realsense_pkg/realsense_pkg.egg-info to /home/pavel/jetbot_orgon_ws/src/install/realsense_pkg/lib/python3.12/site-packages/realsense_pkg-0.0.0-py3.12.egg-info
[2.524s] running install_scripts
[2.641s] writing list of installed files to '/home/pavel/jetbot_orgon_ws/src/build/realsense_pkg/install.log'
[2.723s] Invoked command in '/home/pavel/jetbot_orgon_ws/src/realsense_pkg' returned '0': DEBUGINFOD_URLS=https://debuginfod.ubuntu.com PYTHONPATH=/home/pavel/jetbot_orgon_ws/src/build/realsense_pkg/prefix_override:/usr/lib/python3/dist-packages/colcon_core/task/python/colcon_distutils_commands:/home/pavel/jetbot_orgon_ws/src/install/realsense_pkg/lib/python3.12/site-packages:${PYTHONPATH} /usr/bin/python3 -W ignore:setup.py install is deprecated -W ignore:easy_install command is deprecated setup.py egg_info --egg-base ../build/realsense_pkg build --build-base /home/pavel/jetbot_orgon_ws/src/build/realsense_pkg/build install --record /home/pavel/jetbot_orgon_ws/src/build/realsense_pkg/install.log --single-version-externally-managed install_data
