running egg_info
creating ../../build/aruco_analyzer/aruco_analyzer.egg-info
writing ../../build/aruco_analyzer/aruco_analyzer.egg-info/PKG-INFO
writing dependency_links to ../../build/aruco_analyzer/aruco_analyzer.egg-info/dependency_links.txt
writing entry points to ../../build/aruco_analyzer/aruco_analyzer.egg-info/entry_points.txt
writing requirements to ../../build/aruco_analyzer/aruco_analyzer.egg-info/requires.txt
writing top-level names to ../../build/aruco_analyzer/aruco_analyzer.egg-info/top_level.txt
writing manifest file '../../build/aruco_analyzer/aruco_analyzer.egg-info/SOURCES.txt'
reading manifest file '../../build/aruco_analyzer/aruco_analyzer.egg-info/SOURCES.txt'
adding license file 'LICENSE'
writing manifest file '../../build/aruco_analyzer/aruco_analyzer.egg-info/SOURCES.txt'
running build
running build_py
creating /home/pavel/jetbot_orgon_ws/src/build/aruco_analyzer/build
creating /home/pavel/jetbot_orgon_ws/src/build/aruco_analyzer/build/lib
creating /home/pavel/jetbot_orgon_ws/src/build/aruco_analyzer/build/lib/aruco_analyzer
copying aruco_analyzer/aruco_analyzer.py -> /home/pavel/jetbot_orgon_ws/src/build/aruco_analyzer/build/lib/aruco_analyzer
copying aruco_analyzer/__init__.py -> /home/pavel/jetbot_orgon_ws/src/build/aruco_analyzer/build/lib/aruco_analyzer
running install
running install_lib
creating /home/pavel/jetbot_orgon_ws/src/install/aruco_analyzer/lib/python3.12/site-packages/aruco_analyzer
copying /home/pavel/jetbot_orgon_ws/src/build/aruco_analyzer/build/lib/aruco_analyzer/aruco_analyzer.py -> /home/pavel/jetbot_orgon_ws/src/install/aruco_analyzer/lib/python3.12/site-packages/aruco_analyzer
copying /home/pavel/jetbot_orgon_ws/src/build/aruco_analyzer/build/lib/aruco_analyzer/__init__.py -> /home/pavel/jetbot_orgon_ws/src/install/aruco_analyzer/lib/python3.12/site-packages/aruco_analyzer
byte-compiling /home/pavel/jetbot_orgon_ws/src/install/aruco_analyzer/lib/python3.12/site-packages/aruco_analyzer/aruco_analyzer.py to aruco_analyzer.cpython-312.pyc
byte-compiling /home/pavel/jetbot_orgon_ws/src/install/aruco_analyzer/lib/python3.12/site-packages/aruco_analyzer/__init__.py to __init__.cpython-312.pyc
running install_data
creating /home/pavel/jetbot_orgon_ws/src/install/aruco_analyzer/share/ament_index
creating /home/pavel/jetbot_orgon_ws/src/install/aruco_analyzer/share/ament_index/resource_index
creating /home/pavel/jetbot_orgon_ws/src/install/aruco_analyzer/share/ament_index/resource_index/packages
copying resource/aruco_analyzer -> /home/pavel/jetbot_orgon_ws/src/install/aruco_analyzer/share/ament_index/resource_index/packages
copying package.xml -> /home/pavel/jetbot_orgon_ws/src/install/aruco_analyzer/share/aruco_analyzer
creating /home/pavel/jetbot_orgon_ws/src/install/aruco_analyzer/share/aruco_analyzer/launch
copying launch/release.launch.py -> /home/pavel/jetbot_orgon_ws/src/install/aruco_analyzer/share/aruco_analyzer/launch
copying launch/debug.launch.py -> /home/pavel/jetbot_orgon_ws/src/install/aruco_analyzer/share/aruco_analyzer/launch
creating /home/pavel/jetbot_orgon_ws/src/install/aruco_analyzer/share/aruco_analyzer/config
copying config/debug_params.yaml -> /home/pavel/jetbot_orgon_ws/src/install/aruco_analyzer/share/aruco_analyzer/config
copying config/release_params.yaml -> /home/pavel/jetbot_orgon_ws/src/install/aruco_analyzer/share/aruco_analyzer/config
running install_egg_info
Copying ../../build/aruco_analyzer/aruco_analyzer.egg-info to /home/pavel/jetbot_orgon_ws/src/install/aruco_analyzer/lib/python3.12/site-packages/aruco_analyzer-0.0.1-py3.12.egg-info
running install_scripts
Installing aruco_analyzer script to /home/pavel/jetbot_orgon_ws/src/install/aruco_analyzer/lib/aruco_analyzer
writing list of installed files to '/home/pavel/jetbot_orgon_ws/src/build/aruco_analyzer/install.log'
