[2.142s] Invoking command in '/home/pavel/jetbot_orgon_ws/src/detector': DEBUGINFOD_URLS=https://debuginfod.ubuntu.com PYTHONPATH=/home/pavel/jetbot_orgon_ws/src/build/detector/prefix_override:/usr/lib/python3/dist-packages/colcon_core/task/python/colcon_distutils_commands:/home/pavel/jetbot_orgon_ws/src/install/detector/lib/python3.12/site-packages:${PYTHONPATH} /usr/bin/python3 -W ignore:setup.py install is deprecated -W ignore:easy_install command is deprecated setup.py egg_info --egg-base ../build/detector build --build-base /home/pavel/jetbot_orgon_ws/src/build/detector/build install --record /home/pavel/jetbot_orgon_ws/src/build/detector/install.log --single-version-externally-managed install_data
[2.380s] running egg_info
[2.397s] writing ../build/detector/detector.egg-info/PKG-INFO
[2.398s] writing dependency_links to ../build/detector/detector.egg-info/dependency_links.txt
[2.398s] writing entry points to ../build/detector/detector.egg-info/entry_points.txt
[2.398s] writing requirements to ../build/detector/detector.egg-info/requires.txt
[2.398s] writing top-level names to ../build/detector/detector.egg-info/top_level.txt
[2.433s] reading manifest file '../build/detector/detector.egg-info/SOURCES.txt'
[2.433s] writing manifest file '../build/detector/detector.egg-info/SOURCES.txt'
[2.434s] running build
[2.434s] running build_py
[2.434s] running install
[2.464s] running install_lib
[2.464s] running install_data
[2.464s] running install_egg_info
[2.483s] removing '/home/pavel/jetbot_orgon_ws/src/install/detector/lib/python3.12/site-packages/detector-0.0.0-py3.12.egg-info' (and everything under it)
[2.483s] Copying ../build/detector/detector.egg-info to /home/pavel/jetbot_orgon_ws/src/install/detector/lib/python3.12/site-packages/detector-0.0.0-py3.12.egg-info
[2.485s] running install_scripts
[2.613s] Installing cords_detector script to /home/pavel/jetbot_orgon_ws/src/install/detector/lib/detector
[2.613s] Installing shape_detector script to /home/pavel/jetbot_orgon_ws/src/install/detector/lib/detector
[2.613s] writing list of installed files to '/home/pavel/jetbot_orgon_ws/src/build/detector/install.log'
[2.732s] Invoked command in '/home/pavel/jetbot_orgon_ws/src/detector' returned '0': DEBUGINFOD_URLS=https://debuginfod.ubuntu.com PYTHONPATH=/home/pavel/jetbot_orgon_ws/src/build/detector/prefix_override:/usr/lib/python3/dist-packages/colcon_core/task/python/colcon_distutils_commands:/home/pavel/jetbot_orgon_ws/src/install/detector/lib/python3.12/site-packages:${PYTHONPATH} /usr/bin/python3 -W ignore:setup.py install is deprecated -W ignore:easy_install command is deprecated setup.py egg_info --egg-base ../build/detector build --build-base /home/pavel/jetbot_orgon_ws/src/build/detector/build install --record /home/pavel/jetbot_orgon_ws/src/build/detector/install.log --single-version-externally-managed install_data
