/usr/lib/python3/dist-packages/setuptools/dist.py:744: SetuptoolsDeprecationWarning: Invalid dash-separated options
!!

        ********************************************************************************
        Usage of dash-separated 'script-dir' will not be supported in future
        versions. Please use the underscore name 'script_dir' instead.

        This deprecation is overdue, please update your project and remove deprecated
        calls to avoid build errors in the future.

        See https://setuptools.pypa.io/en/latest/userguide/declarative_config.html for details.
        ********************************************************************************

!!
  opt = self.warn_dash_deprecation(opt, section)
running egg_info
writing ../../build/serial_bridge_package/serial_bridge_package.egg-info/PKG-INFO
writing dependency_links to ../../build/serial_bridge_package/serial_bridge_package.egg-info/dependency_links.txt
writing entry points to ../../build/serial_bridge_package/serial_bridge_package.egg-info/entry_points.txt
writing requirements to ../../build/serial_bridge_package/serial_bridge_package.egg-info/requires.txt
writing top-level names to ../../build/serial_bridge_package/serial_bridge_package.egg-info/top_level.txt
reading manifest file '../../build/serial_bridge_package/serial_bridge_package.egg-info/SOURCES.txt'
adding license file 'LICENSE'
writing manifest file '../../build/serial_bridge_package/serial_bridge_package.egg-info/SOURCES.txt'
running build
running build_py
running install
running install_lib
running install_data
running install_egg_info
removing '/home/pavel/jetbot_orgon_ws/src/install/serial_bridge_package/lib/python3.12/site-packages/serial_bridge_package-1.0.0-py3.12.egg-info' (and everything under it)
Copying ../../build/serial_bridge_package/serial_bridge_package.egg-info to /home/pavel/jetbot_orgon_ws/src/install/serial_bridge_package/lib/python3.12/site-packages/serial_bridge_package-1.0.0-py3.12.egg-info
running install_scripts
Installing feedback_processor script to /home/pavel/jetbot_orgon_ws/src/install/serial_bridge_package/lib/serial_bridge_package
Installing serial_bridge_node script to /home/pavel/jetbot_orgon_ws/src/install/serial_bridge_package/lib/serial_bridge_package
Installing twist_to_command script to /home/pavel/jetbot_orgon_ws/src/install/serial_bridge_package/lib/serial_bridge_package
writing list of installed files to '/home/pavel/jetbot_orgon_ws/src/build/serial_bridge_package/install.log'
