running egg_info
creating ../build/realsense_pkg/realsense_pkg.egg-info
writing ../build/realsense_pkg/realsense_pkg.egg-info/PKG-INFO
writing dependency_links to ../build/realsense_pkg/realsense_pkg.egg-info/dependency_links.txt
writing requirements to ../build/realsense_pkg/realsense_pkg.egg-info/requires.txt
writing top-level names to ../build/realsense_pkg/realsense_pkg.egg-info/top_level.txt
writing manifest file '../build/realsense_pkg/realsense_pkg.egg-info/SOURCES.txt'
reading manifest file '../build/realsense_pkg/realsense_pkg.egg-info/SOURCES.txt'
adding license file 'LICENSE'
writing manifest file '../build/realsense_pkg/realsense_pkg.egg-info/SOURCES.txt'
running build
running build_py
creating /home/pavel/jetbot_orgon_ws/src/build/realsense_pkg/build
creating /home/pavel/jetbot_orgon_ws/src/build/realsense_pkg/build/lib
creating /home/pavel/jetbot_orgon_ws/src/build/realsense_pkg/build/lib/realsense_pkg
copying realsense_pkg/__init__.py -> /home/pavel/jetbot_orgon_ws/src/build/realsense_pkg/build/lib/realsense_pkg
running install
running install_lib
creating /home/pavel/jetbot_orgon_ws/src/install/realsense_pkg/lib/python3.12/site-packages/realsense_pkg
copying /home/pavel/jetbot_orgon_ws/src/build/realsense_pkg/build/lib/realsense_pkg/__init__.py -> /home/pavel/jetbot_orgon_ws/src/install/realsense_pkg/lib/python3.12/site-packages/realsense_pkg
byte-compiling /home/pavel/jetbot_orgon_ws/src/install/realsense_pkg/lib/python3.12/site-packages/realsense_pkg/__init__.py to __init__.cpython-312.pyc
running install_data
creating /home/pavel/jetbot_orgon_ws/src/install/realsense_pkg/share/ament_index
creating /home/pavel/jetbot_orgon_ws/src/install/realsense_pkg/share/ament_index/resource_index
creating /home/pavel/jetbot_orgon_ws/src/install/realsense_pkg/share/ament_index/resource_index/packages
copying resource/realsense_pkg -> /home/pavel/jetbot_orgon_ws/src/install/realsense_pkg/share/ament_index/resource_index/packages
copying package.xml -> /home/pavel/jetbot_orgon_ws/src/install/realsense_pkg/share/realsense_pkg
creating /home/pavel/jetbot_orgon_ws/src/install/realsense_pkg/share/realsense_pkg/launch
copying launch/bringup.launch.py -> /home/pavel/jetbot_orgon_ws/src/install/realsense_pkg/share/realsense_pkg/launch
creating /home/pavel/jetbot_orgon_ws/src/install/realsense_pkg/share/realsense_pkg/config
copying config/mast_set.yaml -> /home/pavel/jetbot_orgon_ws/src/install/realsense_pkg/share/realsense_pkg/config
running install_egg_info
Copying ../build/realsense_pkg/realsense_pkg.egg-info to /home/pavel/jetbot_orgon_ws/src/install/realsense_pkg/lib/python3.12/site-packages/realsense_pkg-0.0.0-py3.12.egg-info
running install_scripts
writing list of installed files to '/home/pavel/jetbot_orgon_ws/src/build/realsense_pkg/install.log'
