[1.586s] Invoking command in '/home/pavel/jetbot_orgon_ws/src/realsense_pkg': DEBUGINFOD_URLS=https://debuginfod.ubuntu.com PYTHONPATH=/home/pavel/jetbot_orgon_ws/src/build/realsense_pkg/prefix_override:/usr/lib/python3/dist-packages/colcon_core/task/python/colcon_distutils_commands:/home/pavel/jetbot_orgon_ws/src/install/realsense_pkg/lib/python3.12/site-packages:${PYTHONPATH} /usr/bin/python3 -W ignore:setup.py install is deprecated -W ignore:easy_install command is deprecated setup.py egg_info --egg-base ../build/realsense_pkg build --build-base /home/pavel/jetbot_orgon_ws/src/build/realsense_pkg/build install --record /home/pavel/jetbot_orgon_ws/src/build/realsense_pkg/install.log --single-version-externally-managed install_data
[1.959s] running egg_info
[1.959s] creating ../build/realsense_pkg/realsense_pkg.egg-info
[1.984s] writing ../build/realsense_pkg/realsense_pkg.egg-info/PKG-INFO
[1.984s] writing dependency_links to ../build/realsense_pkg/realsense_pkg.egg-info/dependency_links.txt
[1.985s] writing requirements to ../build/realsense_pkg/realsense_pkg.egg-info/requires.txt
[1.986s] writing top-level names to ../build/realsense_pkg/realsense_pkg.egg-info/top_level.txt
[1.986s] writing manifest file '../build/realsense_pkg/realsense_pkg.egg-info/SOURCES.txt'
[2.075s] reading manifest file '../build/realsense_pkg/realsense_pkg.egg-info/SOURCES.txt'
[2.075s] adding license file 'LICENSE'
[2.075s] writing manifest file '../build/realsense_pkg/realsense_pkg.egg-info/SOURCES.txt'
[2.075s] running build
[2.075s] running build_py
[2.075s] creating /home/pavel/jetbot_orgon_ws/src/build/realsense_pkg/build
[2.076s] creating /home/pavel/jetbot_orgon_ws/src/build/realsense_pkg/build/lib
[2.076s] creating /home/pavel/jetbot_orgon_ws/src/build/realsense_pkg/build/lib/realsense_pkg
[2.076s] copying realsense_pkg/__init__.py -> /home/pavel/jetbot_orgon_ws/src/build/realsense_pkg/build/lib/realsense_pkg
[2.076s] running install
[2.086s] running install_lib
[2.128s] creating /home/pavel/jetbot_orgon_ws/src/install/realsense_pkg/lib/python3.12/site-packages/realsense_pkg
[2.128s] copying /home/pavel/jetbot_orgon_ws/src/build/realsense_pkg/build/lib/realsense_pkg/__init__.py -> /home/pavel/jetbot_orgon_ws/src/install/realsense_pkg/lib/python3.12/site-packages/realsense_pkg
[2.133s] byte-compiling /home/pavel/jetbot_orgon_ws/src/install/realsense_pkg/lib/python3.12/site-packages/realsense_pkg/__init__.py to __init__.cpython-312.pyc
[2.133s] running install_data
[2.134s] creating /home/pavel/jetbot_orgon_ws/src/install/realsense_pkg/share/ament_index
[2.134s] creating /home/pavel/jetbot_orgon_ws/src/install/realsense_pkg/share/ament_index/resource_index
[2.134s] creating /home/pavel/jetbot_orgon_ws/src/install/realsense_pkg/share/ament_index/resource_index/packages
[2.134s] copying resource/realsense_pkg -> /home/pavel/jetbot_orgon_ws/src/install/realsense_pkg/share/ament_index/resource_index/packages
[2.134s] copying package.xml -> /home/pavel/jetbot_orgon_ws/src/install/realsense_pkg/share/realsense_pkg
[2.134s] creating /home/pavel/jetbot_orgon_ws/src/install/realsense_pkg/share/realsense_pkg/launch
[2.134s] copying launch/bringup.launch.py -> /home/pavel/jetbot_orgon_ws/src/install/realsense_pkg/share/realsense_pkg/launch
[2.134s] creating /home/pavel/jetbot_orgon_ws/src/install/realsense_pkg/share/realsense_pkg/config
[2.134s] copying config/mast_set.yaml -> /home/pavel/jetbot_orgon_ws/src/install/realsense_pkg/share/realsense_pkg/config
[2.135s] running install_egg_info
[2.210s] Copying ../build/realsense_pkg/realsense_pkg.egg-info to /home/pavel/jetbot_orgon_ws/src/install/realsense_pkg/lib/python3.12/site-packages/realsense_pkg-0.0.0-py3.12.egg-info
[2.215s] running install_scripts
[2.629s] writing list of installed files to '/home/pavel/jetbot_orgon_ws/src/build/realsense_pkg/install.log'
[2.735s] Invoked command in '/home/pavel/jetbot_orgon_ws/src/realsense_pkg' returned '0': DEBUGINFOD_URLS=https://debuginfod.ubuntu.com PYTHONPATH=/home/pavel/jetbot_orgon_ws/src/build/realsense_pkg/prefix_override:/usr/lib/python3/dist-packages/colcon_core/task/python/colcon_distutils_commands:/home/pavel/jetbot_orgon_ws/src/install/realsense_pkg/lib/python3.12/site-packages:${PYTHONPATH} /usr/bin/python3 -W ignore:setup.py install is deprecated -W ignore:easy_install command is deprecated setup.py egg_info --egg-base ../build/realsense_pkg build --build-base /home/pavel/jetbot_orgon_ws/src/build/realsense_pkg/build install --record /home/pavel/jetbot_orgon_ws/src/build/realsense_pkg/install.log --single-version-externally-managed install_data
