-- Install configuration: ""
-- Up-to-date: /home/pavel/jetbot_orgon_ws/src/install/jetbot_orgon_description/share/jetbot_orgon_description/launch
-- Installing: /home/pavel/jetbot_orgon_ws/src/install/jetbot_orgon_description/share/jetbot_orgon_description/launch/display.launch.py
-- Up-to-date: /home/pavel/jetbot_orgon_ws/src/install/jetbot_orgon_description/share/jetbot_orgon_description/launch/description.launch.py
-- Up-to-date: /home/pavel/jetbot_orgon_ws/src/install/jetbot_orgon_description/share/jetbot_orgon_description/urdf
-- Installing: /home/pavel/jetbot_orgon_ws/src/install/jetbot_orgon_description/share/jetbot_orgon_description/urdf/jetbot.urdf.xacro
-- Up-to-date: /home/pavel/jetbot_orgon_ws/src/install/jetbot_orgon_description/share/jetbot_orgon_description/rviz
-- Installing: /home/pavel/jetbot_orgon_ws/src/install/jetbot_orgon_description/share/jetbot_orgon_description/rviz/jetbot.rviz
-- Up-to-date: /home/pavel/jetbot_orgon_ws/src/install/jetbot_orgon_description/lib/jetbot_orgon_description/joint_state_bridge.py
-- Up-to-date: /home/pavel/jetbot_orgon_ws/src/install/jetbot_orgon_description/share/ament_index/resource_index/package_run_dependencies/jetbot_orgon_description
-- Up-to-date: /home/pavel/jetbot_orgon_ws/src/install/jetbot_orgon_description/share/ament_index/resource_index/parent_prefix_path/jetbot_orgon_description
-- Up-to-date: /home/pavel/jetbot_orgon_ws/src/install/jetbot_orgon_description/share/jetbot_orgon_description/environment/ament_prefix_path.sh
-- Up-to-date: /home/pavel/jetbot_orgon_ws/src/install/jetbot_orgon_description/share/jetbot_orgon_description/environment/ament_prefix_path.dsv
-- Up-to-date: /home/pavel/jetbot_orgon_ws/src/install/jetbot_orgon_description/share/jetbot_orgon_description/environment/path.sh
-- Up-to-date: /home/pavel/jetbot_orgon_ws/src/install/jetbot_orgon_description/share/jetbot_orgon_description/environment/path.dsv
-- Up-to-date: /home/pavel/jetbot_orgon_ws/src/install/jetbot_orgon_description/share/jetbot_orgon_description/local_setup.bash
-- Up-to-date: /home/pavel/jetbot_orgon_ws/src/install/jetbot_orgon_description/share/jetbot_orgon_description/local_setup.sh
-- Up-to-date: /home/pavel/jetbot_orgon_ws/src/install/jetbot_orgon_description/share/jetbot_orgon_description/local_setup.zsh
-- Up-to-date: /home/pavel/jetbot_orgon_ws/src/install/jetbot_orgon_description/share/jetbot_orgon_description/local_setup.dsv
-- Up-to-date: /home/pavel/jetbot_orgon_ws/src/install/jetbot_orgon_description/share/jetbot_orgon_description/package.dsv
-- Up-to-date: /home/pavel/jetbot_orgon_ws/src/install/jetbot_orgon_description/share/ament_index/resource_index/packages/jetbot_orgon_description
-- Up-to-date: /home/pavel/jetbot_orgon_ws/src/install/jetbot_orgon_description/share/jetbot_orgon_description/cmake/jetbot_orgon_descriptionConfig.cmake
-- Up-to-date: /home/pavel/jetbot_orgon_ws/src/install/jetbot_orgon_description/share/jetbot_orgon_description/cmake/jetbot_orgon_descriptionConfig-version.cmake
-- Up-to-date: /home/pavel/jetbot_orgon_ws/src/install/jetbot_orgon_description/share/jetbot_orgon_description/package.xml
