[1.034s] Invoking command in '/home/pavel/jetbot_orgon_ws/src/build/jetbot_orgon_description': CMAKE_PREFIX_PATH=${CMAKE_PREFIX_PATH}:/home/pavel/jetbot_orgon_ws/install/completed_scripts_jetbot:/home/pavel/jetbot_orgon_ws/install/serial_bridge_package:/home/pavel/jetbot_orgon_ws/install/realsense_pkg:/home/pavel/jetbot_orgon_ws/install/manipulator_control:/home/pavel/jetbot_orgon_ws/install/lidar_filter:/home/pavel/jetbot_orgon_ws/install/detector:/home/pavel/jetbot_orgon_ws/install/camera_driver:/home/pavel/jetbot_orgon_ws/install/aruco_analyzer:/home/pavel/jetbot_orgon_ws/install/aruco_bringup:/opt/ros/jazzy DEBUGINFOD_URLS=https://debuginfod.ubuntu.com /usr/bin/cmake --build /home/pavel/jetbot_orgon_ws/src/build/jetbot_orgon_description -- -j16 -l16
[1.375s] Invoked command in '/home/pavel/jetbot_orgon_ws/src/build/jetbot_orgon_description' returned '0': CMAKE_PREFIX_PATH=${CMAKE_PREFIX_PATH}:/home/pavel/jetbot_orgon_ws/install/completed_scripts_jetbot:/home/pavel/jetbot_orgon_ws/install/serial_bridge_package:/home/pavel/jetbot_orgon_ws/install/realsense_pkg:/home/pavel/jetbot_orgon_ws/install/manipulator_control:/home/pavel/jetbot_orgon_ws/install/lidar_filter:/home/pavel/jetbot_orgon_ws/install/detector:/home/pavel/jetbot_orgon_ws/install/camera_driver:/home/pavel/jetbot_orgon_ws/install/aruco_analyzer:/home/pavel/jetbot_orgon_ws/install/aruco_bringup:/opt/ros/jazzy DEBUGINFOD_URLS=https://debuginfod.ubuntu.com /usr/bin/cmake --build /home/pavel/jetbot_orgon_ws/src/build/jetbot_orgon_description -- -j16 -l16
[1.376s] Invoking command in '/home/pavel/jetbot_orgon_ws/src/build/jetbot_orgon_description': CMAKE_PREFIX_PATH=${CMAKE_PREFIX_PATH}:/home/pavel/jetbot_orgon_ws/install/completed_scripts_jetbot:/home/pavel/jetbot_orgon_ws/install/serial_bridge_package:/home/pavel/jetbot_orgon_ws/install/realsense_pkg:/home/pavel/jetbot_orgon_ws/install/manipulator_control:/home/pavel/jetbot_orgon_ws/install/lidar_filter:/home/pavel/jetbot_orgon_ws/install/detector:/home/pavel/jetbot_orgon_ws/install/camera_driver:/home/pavel/jetbot_orgon_ws/install/aruco_analyzer:/home/pavel/jetbot_orgon_ws/install/aruco_bringup:/opt/ros/jazzy DEBUGINFOD_URLS=https://debuginfod.ubuntu.com /usr/bin/cmake --install /home/pavel/jetbot_orgon_ws/src/build/jetbot_orgon_description
[1.388s] -- Install configuration: ""
[1.388s] -- Up-to-date: /home/pavel/jetbot_orgon_ws/src/install/jetbot_orgon_description/share/jetbot_orgon_description/launch
[1.388s] -- Installing: /home/pavel/jetbot_orgon_ws/src/install/jetbot_orgon_description/share/jetbot_orgon_description/launch/display.launch.py
[1.389s] -- Up-to-date: /home/pavel/jetbot_orgon_ws/src/install/jetbot_orgon_description/share/jetbot_orgon_description/launch/description.launch.py
[1.389s] -- Up-to-date: /home/pavel/jetbot_orgon_ws/src/install/jetbot_orgon_description/share/jetbot_orgon_description/urdf
[1.389s] -- Installing: /home/pavel/jetbot_orgon_ws/src/install/jetbot_orgon_description/share/jetbot_orgon_description/urdf/jetbot.urdf.xacro
[1.389s] -- Up-to-date: /home/pavel/jetbot_orgon_ws/src/install/jetbot_orgon_description/share/jetbot_orgon_description/rviz
[1.389s] -- Installing: /home/pavel/jetbot_orgon_ws/src/install/jetbot_orgon_description/share/jetbot_orgon_description/rviz/jetbot.rviz
[1.389s] -- Up-to-date: /home/pavel/jetbot_orgon_ws/src/install/jetbot_orgon_description/lib/jetbot_orgon_description/joint_state_bridge.py
[1.389s] -- Up-to-date: /home/pavel/jetbot_orgon_ws/src/install/jetbot_orgon_description/share/ament_index/resource_index/package_run_dependencies/jetbot_orgon_description
[1.389s] -- Up-to-date: /home/pavel/jetbot_orgon_ws/src/install/jetbot_orgon_description/share/ament_index/resource_index/parent_prefix_path/jetbot_orgon_description
[1.390s] -- Up-to-date: /home/pavel/jetbot_orgon_ws/src/install/jetbot_orgon_description/share/jetbot_orgon_description/environment/ament_prefix_path.sh
[1.390s] -- Up-to-date: /home/pavel/jetbot_orgon_ws/src/install/jetbot_orgon_description/share/jetbot_orgon_description/environment/ament_prefix_path.dsv
[1.390s] -- Up-to-date: /home/pavel/jetbot_orgon_ws/src/install/jetbot_orgon_description/share/jetbot_orgon_description/environment/path.sh
[1.390s] -- Up-to-date: /home/pavel/jetbot_orgon_ws/src/install/jetbot_orgon_description/share/jetbot_orgon_description/environment/path.dsv
[1.390s] -- Up-to-date: /home/pavel/jetbot_orgon_ws/src/install/jetbot_orgon_description/share/jetbot_orgon_description/local_setup.bash
[1.390s] -- Up-to-date: /home/pavel/jetbot_orgon_ws/src/install/jetbot_orgon_description/share/jetbot_orgon_description/local_setup.sh
[1.390s] -- Up-to-date: /home/pavel/jetbot_orgon_ws/src/install/jetbot_orgon_description/share/jetbot_orgon_description/local_setup.zsh
[1.390s] -- Up-to-date: /home/pavel/jetbot_orgon_ws/src/install/jetbot_orgon_description/share/jetbot_orgon_description/local_setup.dsv
[1.390s] -- Up-to-date: /home/pavel/jetbot_orgon_ws/src/install/jetbot_orgon_description/share/jetbot_orgon_description/package.dsv
[1.390s] -- Up-to-date: /home/pavel/jetbot_orgon_ws/src/install/jetbot_orgon_description/share/ament_index/resource_index/packages/jetbot_orgon_description
[1.390s] -- Up-to-date: /home/pavel/jetbot_orgon_ws/src/install/jetbot_orgon_description/share/jetbot_orgon_description/cmake/jetbot_orgon_descriptionConfig.cmake
[1.390s] -- Up-to-date: /home/pavel/jetbot_orgon_ws/src/install/jetbot_orgon_description/share/jetbot_orgon_description/cmake/jetbot_orgon_descriptionConfig-version.cmake
[1.390s] -- Up-to-date: /home/pavel/jetbot_orgon_ws/src/install/jetbot_orgon_description/share/jetbot_orgon_description/package.xml
[1.418s] Invoked command in '/home/pavel/jetbot_orgon_ws/src/build/jetbot_orgon_description' returned '0': CMAKE_PREFIX_PATH=${CMAKE_PREFIX_PATH}:/home/pavel/jetbot_orgon_ws/install/completed_scripts_jetbot:/home/pavel/jetbot_orgon_ws/install/serial_bridge_package:/home/pavel/jetbot_orgon_ws/install/realsense_pkg:/home/pavel/jetbot_orgon_ws/install/manipulator_control:/home/pavel/jetbot_orgon_ws/install/lidar_filter:/home/pavel/jetbot_orgon_ws/install/detector:/home/pavel/jetbot_orgon_ws/install/camera_driver:/home/pavel/jetbot_orgon_ws/install/aruco_analyzer:/home/pavel/jetbot_orgon_ws/install/aruco_bringup:/opt/ros/jazzy DEBUGINFOD_URLS=https://debuginfod.ubuntu.com /usr/bin/cmake --install /home/pavel/jetbot_orgon_ws/src/build/jetbot_orgon_description
