running egg_info
creating ../build/detector/detector.egg-info
writing ../build/detector/detector.egg-info/PKG-INFO
writing dependency_links to ../build/detector/detector.egg-info/dependency_links.txt
writing entry points to ../build/detector/detector.egg-info/entry_points.txt
writing requirements to ../build/detector/detector.egg-info/requires.txt
writing top-level names to ../build/detector/detector.egg-info/top_level.txt
writing manifest file '../build/detector/detector.egg-info/SOURCES.txt'
reading manifest file '../build/detector/detector.egg-info/SOURCES.txt'
writing manifest file '../build/detector/detector.egg-info/SOURCES.txt'
running build
running build_py
creating /home/pavel/jetbot_orgon_ws/src/build/detector/build
creating /home/pavel/jetbot_orgon_ws/src/build/detector/build/lib
creating /home/pavel/jetbot_orgon_ws/src/build/detector/build/lib/detector
copying detector/__init__.py -> /home/pavel/jetbot_orgon_ws/src/build/detector/build/lib/detector
copying detector/shape_detector.py -> /home/pavel/jetbot_orgon_ws/src/build/detector/build/lib/detector
copying detector/cords_detector.py -> /home/pavel/jetbot_orgon_ws/src/build/detector/build/lib/detector
running install
running install_lib
creating /home/pavel/jetbot_orgon_ws/src/install/detector/lib/python3.12/site-packages/detector
copying /home/pavel/jetbot_orgon_ws/src/build/detector/build/lib/detector/__init__.py -> /home/pavel/jetbot_orgon_ws/src/install/detector/lib/python3.12/site-packages/detector
copying /home/pavel/jetbot_orgon_ws/src/build/detector/build/lib/detector/shape_detector.py -> /home/pavel/jetbot_orgon_ws/src/install/detector/lib/python3.12/site-packages/detector
copying /home/pavel/jetbot_orgon_ws/src/build/detector/build/lib/detector/cords_detector.py -> /home/pavel/jetbot_orgon_ws/src/install/detector/lib/python3.12/site-packages/detector
byte-compiling /home/pavel/jetbot_orgon_ws/src/install/detector/lib/python3.12/site-packages/detector/__init__.py to __init__.cpython-312.pyc
byte-compiling /home/pavel/jetbot_orgon_ws/src/install/detector/lib/python3.12/site-packages/detector/shape_detector.py to shape_detector.cpython-312.pyc
byte-compiling /home/pavel/jetbot_orgon_ws/src/install/detector/lib/python3.12/site-packages/detector/cords_detector.py to cords_detector.cpython-312.pyc
running install_data
creating /home/pavel/jetbot_orgon_ws/src/install/detector/share/ament_index
creating /home/pavel/jetbot_orgon_ws/src/install/detector/share/ament_index/resource_index
creating /home/pavel/jetbot_orgon_ws/src/install/detector/share/ament_index/resource_index/packages
copying resource/detector -> /home/pavel/jetbot_orgon_ws/src/install/detector/share/ament_index/resource_index/packages
copying package.xml -> /home/pavel/jetbot_orgon_ws/src/install/detector/share/detector
creating /home/pavel/jetbot_orgon_ws/src/install/detector/share/detector/launch
copying launch/detect.launch.py -> /home/pavel/jetbot_orgon_ws/src/install/detector/share/detector/launch
creating /home/pavel/jetbot_orgon_ws/src/install/detector/share/detector/config
running install_egg_info
Copying ../build/detector/detector.egg-info to /home/pavel/jetbot_orgon_ws/src/install/detector/lib/python3.12/site-packages/detector-0.0.0-py3.12.egg-info
running install_scripts
Installing cords_detector script to /home/pavel/jetbot_orgon_ws/src/install/detector/lib/detector
Installing shape_detector script to /home/pavel/jetbot_orgon_ws/src/install/detector/lib/detector
writing list of installed files to '/home/pavel/jetbot_orgon_ws/src/build/detector/install.log'
