[1.959s] Invoking command in '/home/pavel/jetbot_orgon_ws/src/detector': DEBUGINFOD_URLS=https://debuginfod.ubuntu.com PYTHONPATH=/home/pavel/jetbot_orgon_ws/src/build/detector/prefix_override:/usr/lib/python3/dist-packages/colcon_core/task/python/colcon_distutils_commands:/home/pavel/jetbot_orgon_ws/src/install/detector/lib/python3.12/site-packages:${PYTHONPATH} /usr/bin/python3 -W ignore:setup.py install is deprecated -W ignore:easy_install command is deprecated setup.py egg_info --egg-base ../build/detector build --build-base /home/pavel/jetbot_orgon_ws/src/build/detector/build install --record /home/pavel/jetbot_orgon_ws/src/build/detector/install.log --single-version-externally-managed install_data
[2.205s] running egg_info
[2.206s] creating ../build/detector/detector.egg-info
[2.222s] writing ../build/detector/detector.egg-info/PKG-INFO
[2.222s] writing dependency_links to ../build/detector/detector.egg-info/dependency_links.txt
[2.222s] writing entry points to ../build/detector/detector.egg-info/entry_points.txt
[2.222s] writing requirements to ../build/detector/detector.egg-info/requires.txt
[2.222s] writing top-level names to ../build/detector/detector.egg-info/top_level.txt
[2.222s] writing manifest file '../build/detector/detector.egg-info/SOURCES.txt'
[2.258s] reading manifest file '../build/detector/detector.egg-info/SOURCES.txt'
[2.258s] writing manifest file '../build/detector/detector.egg-info/SOURCES.txt'
[2.258s] running build
[2.258s] running build_py
[2.259s] creating /home/pavel/jetbot_orgon_ws/src/build/detector/build
[2.259s] creating /home/pavel/jetbot_orgon_ws/src/build/detector/build/lib
[2.259s] creating /home/pavel/jetbot_orgon_ws/src/build/detector/build/lib/detector
[2.259s] copying detector/__init__.py -> /home/pavel/jetbot_orgon_ws/src/build/detector/build/lib/detector
[2.259s] copying detector/shape_detector.py -> /home/pavel/jetbot_orgon_ws/src/build/detector/build/lib/detector
[2.259s] copying detector/cords_detector.py -> /home/pavel/jetbot_orgon_ws/src/build/detector/build/lib/detector
[2.259s] running install
[2.264s] running install_lib
[2.283s] creating /home/pavel/jetbot_orgon_ws/src/install/detector/lib/python3.12/site-packages/detector
[2.283s] copying /home/pavel/jetbot_orgon_ws/src/build/detector/build/lib/detector/__init__.py -> /home/pavel/jetbot_orgon_ws/src/install/detector/lib/python3.12/site-packages/detector
[2.283s] copying /home/pavel/jetbot_orgon_ws/src/build/detector/build/lib/detector/shape_detector.py -> /home/pavel/jetbot_orgon_ws/src/install/detector/lib/python3.12/site-packages/detector
[2.284s] copying /home/pavel/jetbot_orgon_ws/src/build/detector/build/lib/detector/cords_detector.py -> /home/pavel/jetbot_orgon_ws/src/install/detector/lib/python3.12/site-packages/detector
[2.284s] byte-compiling /home/pavel/jetbot_orgon_ws/src/install/detector/lib/python3.12/site-packages/detector/__init__.py to __init__.cpython-312.pyc
[2.284s] byte-compiling /home/pavel/jetbot_orgon_ws/src/install/detector/lib/python3.12/site-packages/detector/shape_detector.py to shape_detector.cpython-312.pyc
[2.285s] byte-compiling /home/pavel/jetbot_orgon_ws/src/install/detector/lib/python3.12/site-packages/detector/cords_detector.py to cords_detector.cpython-312.pyc
[2.287s] running install_data
[2.287s] creating /home/pavel/jetbot_orgon_ws/src/install/detector/share/ament_index
[2.287s] creating /home/pavel/jetbot_orgon_ws/src/install/detector/share/ament_index/resource_index
[2.287s] creating /home/pavel/jetbot_orgon_ws/src/install/detector/share/ament_index/resource_index/packages
[2.288s] copying resource/detector -> /home/pavel/jetbot_orgon_ws/src/install/detector/share/ament_index/resource_index/packages
[2.288s] copying package.xml -> /home/pavel/jetbot_orgon_ws/src/install/detector/share/detector
[2.288s] creating /home/pavel/jetbot_orgon_ws/src/install/detector/share/detector/launch
[2.288s] copying launch/detect.launch.py -> /home/pavel/jetbot_orgon_ws/src/install/detector/share/detector/launch
[2.288s] creating /home/pavel/jetbot_orgon_ws/src/install/detector/share/detector/config
[2.288s] running install_egg_info
[2.306s] Copying ../build/detector/detector.egg-info to /home/pavel/jetbot_orgon_ws/src/install/detector/lib/python3.12/site-packages/detector-0.0.0-py3.12.egg-info
[2.307s] running install_scripts
[2.433s] Installing cords_detector script to /home/pavel/jetbot_orgon_ws/src/install/detector/lib/detector
[2.434s] Installing shape_detector script to /home/pavel/jetbot_orgon_ws/src/install/detector/lib/detector
[2.435s] writing list of installed files to '/home/pavel/jetbot_orgon_ws/src/build/detector/install.log'
[2.471s] Invoked command in '/home/pavel/jetbot_orgon_ws/src/detector' returned '0': DEBUGINFOD_URLS=https://debuginfod.ubuntu.com PYTHONPATH=/home/pavel/jetbot_orgon_ws/src/build/detector/prefix_override:/usr/lib/python3/dist-packages/colcon_core/task/python/colcon_distutils_commands:/home/pavel/jetbot_orgon_ws/src/install/detector/lib/python3.12/site-packages:${PYTHONPATH} /usr/bin/python3 -W ignore:setup.py install is deprecated -W ignore:easy_install command is deprecated setup.py egg_info --egg-base ../build/detector build --build-base /home/pavel/jetbot_orgon_ws/src/build/detector/build install --record /home/pavel/jetbot_orgon_ws/src/build/detector/install.log --single-version-externally-managed install_data
