[1.963s] Invoking command in '/home/pavel/jetbot_orgon_ws/src/brain': DEBUGINFOD_URLS=https://debuginfod.ubuntu.com PYTHONPATH=/home/pavel/jetbot_orgon_ws/src/build/brain/prefix_override:/usr/lib/python3/dist-packages/colcon_core/task/python/colcon_distutils_commands:/home/pavel/jetbot_orgon_ws/src/install/brain/lib/python3.12/site-packages:${PYTHONPATH} /usr/bin/python3 -W ignore:setup.py install is deprecated -W ignore:easy_install command is deprecated setup.py egg_info --egg-base ../build/brain build --build-base /home/pavel/jetbot_orgon_ws/src/build/brain/build install --record /home/pavel/jetbot_orgon_ws/src/build/brain/install.log --single-version-externally-managed install_data
[2.200s] running egg_info
[2.200s] creating ../build/brain/brain.egg-info
[2.216s] writing ../build/brain/brain.egg-info/PKG-INFO
[2.216s] writing dependency_links to ../build/brain/brain.egg-info/dependency_links.txt
[2.216s] writing requirements to ../build/brain/brain.egg-info/requires.txt
[2.216s] writing top-level names to ../build/brain/brain.egg-info/top_level.txt
[2.217s] writing manifest file '../build/brain/brain.egg-info/SOURCES.txt'
[2.250s] reading manifest file '../build/brain/brain.egg-info/SOURCES.txt'
[2.251s] writing manifest file '../build/brain/brain.egg-info/SOURCES.txt'
[2.251s] running build
[2.251s] running build_py
[2.251s] creating /home/pavel/jetbot_orgon_ws/src/build/brain/build
[2.251s] creating /home/pavel/jetbot_orgon_ws/src/build/brain/build/lib
[2.251s] creating /home/pavel/jetbot_orgon_ws/src/build/brain/build/lib/brain
[2.251s] copying brain/brain_node.py -> /home/pavel/jetbot_orgon_ws/src/build/brain/build/lib/brain
[2.252s] copying brain/__init__.py -> /home/pavel/jetbot_orgon_ws/src/build/brain/build/lib/brain
[2.252s] running install
[2.256s] running install_lib
[2.273s] creating /home/pavel/jetbot_orgon_ws/src/install/brain/lib/python3.12/site-packages/brain
[2.273s] copying /home/pavel/jetbot_orgon_ws/src/build/brain/build/lib/brain/brain_node.py -> /home/pavel/jetbot_orgon_ws/src/install/brain/lib/python3.12/site-packages/brain
[2.273s] copying /home/pavel/jetbot_orgon_ws/src/build/brain/build/lib/brain/__init__.py -> /home/pavel/jetbot_orgon_ws/src/install/brain/lib/python3.12/site-packages/brain
[2.274s] byte-compiling /home/pavel/jetbot_orgon_ws/src/install/brain/lib/python3.12/site-packages/brain/brain_node.py to brain_node.cpython-312.pyc
[2.274s] byte-compiling /home/pavel/jetbot_orgon_ws/src/install/brain/lib/python3.12/site-packages/brain/__init__.py to __init__.cpython-312.pyc
[2.275s] running install_data
[2.275s] creating /home/pavel/jetbot_orgon_ws/src/install/brain/share/ament_index
[2.275s] creating /home/pavel/jetbot_orgon_ws/src/install/brain/share/ament_index/resource_index
[2.275s] creating /home/pavel/jetbot_orgon_ws/src/install/brain/share/ament_index/resource_index/packages
[2.275s] copying resource/brain -> /home/pavel/jetbot_orgon_ws/src/install/brain/share/ament_index/resource_index/packages
[2.275s] copying package.xml -> /home/pavel/jetbot_orgon_ws/src/install/brain/share/brain
[2.275s] running install_egg_info
[2.294s] Copying ../build/brain/brain.egg-info to /home/pavel/jetbot_orgon_ws/src/install/brain/lib/python3.12/site-packages/brain-0.0.0-py3.12.egg-info
[2.295s] running install_scripts
[2.412s] writing list of installed files to '/home/pavel/jetbot_orgon_ws/src/build/brain/install.log'
[2.452s] Invoked command in '/home/pavel/jetbot_orgon_ws/src/brain' returned '0': DEBUGINFOD_URLS=https://debuginfod.ubuntu.com PYTHONPATH=/home/pavel/jetbot_orgon_ws/src/build/brain/prefix_override:/usr/lib/python3/dist-packages/colcon_core/task/python/colcon_distutils_commands:/home/pavel/jetbot_orgon_ws/src/install/brain/lib/python3.12/site-packages:${PYTHONPATH} /usr/bin/python3 -W ignore:setup.py install is deprecated -W ignore:easy_install command is deprecated setup.py egg_info --egg-base ../build/brain build --build-base /home/pavel/jetbot_orgon_ws/src/build/brain/build install --record /home/pavel/jetbot_orgon_ws/src/build/brain/install.log --single-version-externally-managed install_data
